This is pdfeTeX, Version 3.141592-1.21a-2.2 (Web2C 7.5.4) (format=latex 2008.10.28)  18 DEC 2008 23:15
entering extended mode
**\input main.tex
(./main.tex (/sw/share/texmf/tex/mestrado.cls
Document Class: mestrado 
(/sw/share/texmf-dist/tex/latex/base/book.cls
Document Class: book 2004/02/16 v1.4f Standard LaTeX document class
(/sw/share/texmf-dist/tex/latex/base/bk12.clo
File: bk12.clo 2004/02/16 v1.4f Standard LaTeX file (size option)
)
\c@part=\count79
\c@chapter=\count80
\c@section=\count81
\c@subsection=\count82
\c@subsubsection=\count83
\c@paragraph=\count84
\c@subparagraph=\count85
\c@figure=\count86
\c@table=\count87
\abovecaptionskip=\skip41
\belowcaptionskip=\skip42
\bibindent=\dimen102
)
(/sw/share/texmf-dist/tex/generic/babel/babel.sty
Package: babel 2004/11/20 v3.8d The Babel package

(/sw/share/texmf-dist/tex/generic/babel/portuges.ldf
Language: portuges 2004/02/19 v1.2p Portuguese support from the babel system

(/sw/share/texmf-dist/tex/generic/babel/babel.def
File: babel.def 2004/11/20 v3.8d Babel common definitions
\babel@savecnt=\count88
\U@D=\dimen103
)
\l@brazil = a dialect from \language\l@portuges 
Package babel Info: Making " an active character on input line 145.
))
(/sw/share/texmf-dist/tex/latex/tools/calc.sty
Package: calc 1998/07/07 v4.1b Infix arithmetic (KKT,FJ)
\calc@Acount=\count89
\calc@Bcount=\count90
\calc@Adimen=\dimen104
\calc@Bdimen=\dimen105
\calc@Askip=\skip43
\calc@Bskip=\skip44
LaTeX Info: Redefining \setlength on input line 59.
LaTeX Info: Redefining \addtolength on input line 60.
\calc@denominator=\count91
)
(/sw/share/texmf-dist/tex/latex/base/inputenc.sty
Package: inputenc 2004/02/05 v1.0d Input encoding file

(/sw/share/texmf-dist/tex/latex/base/latin1.def
File: latin1.def 2004/02/05 v1.0d Input encoding file
))
(/sw/share/texmf-dist/tex/latex/tools/theorem.sty
Package: theorem 1995/11/23 v2.2c Theorem extension package (FMi)
\theorem@style=\toks14
\theorem@bodyfont=\toks15
\theorempreskipamount=\skip45
\theorempostskipamount=\skip46

(/sw/share/texmf-dist/tex/latex/tools/thp.sty
File: thp.sty 1995/11/23 v2.2c Theorem extension package (FMi)
))
(/sw/share/texmf-dist/tex/latex/tools/xspace.sty
Package: xspace 1997/10/13 v1.06 Space after command names (DPC)
)
(/sw/share/texmf-dist/tex/latex/setspace/setspace.sty
Package: setspace 2000/12/01 6.7 Contributed and Supported LaTeX2e package

Package: `setspace' 6.7 <2000/12/01>
)
\c@senumeratecounter=\count92
\c@Axi=\count93
\c@Conj=\count94
\c@Def=\count95
\c@Lem=\count96
\c@Theo=\count97
\c@Prop=\count98
\c@Cor=\count99
) (/sw/share/texmf/tex/master.sty
Package: master 

(/sw/share/texmf-dist/tex/latex/base/fontenc.sty
Package: fontenc 2004/02/22 v1.99f Standard LaTeX package

(/sw/share/texmf-dist/tex/latex/base/t1enc.def
File: t1enc.def 2004/02/22 v1.99f Standard LaTeX file
LaTeX Font Info:    Redeclaring font encoding T1 on input line 43.
))
(/sw/share/texmf-dist/tex/latex/psnfss/times.sty
Package: times 2004/09/15 PSNFSS-v9.2 (SPQR) 
)
(/sw/share/texmf-dist/tex/latex/graphics/graphicx.sty
Package: graphicx 1999/02/16 v1.0f Enhanced LaTeX Graphics (DPC,SPQR)

(/sw/share/texmf-dist/tex/latex/graphics/keyval.sty
Package: keyval 1999/03/16 v1.13 key=value parser (DPC)
\KV@toks@=\toks16
)
(/sw/share/texmf-dist/tex/latex/graphics/graphics.sty
Package: graphics 2001/07/07 v1.0n Standard LaTeX Graphics (DPC,SPQR)

(/sw/share/texmf-dist/tex/latex/graphics/trig.sty
Package: trig 1999/03/16 v1.09 sin cos tan (DPC)
)
(/sw/share/texmf-dist/tex/latex/graphics/graphics.cfg
File: graphics.cfg 2005/02/03 v1.3 graphics configuration of teTeX/TeXLive
)
Package graphics Info: Driver file: dvips.def on input line 80.

(/sw/share/texmf-dist/tex/latex/graphics/dvips.def
File: dvips.def 1999/02/16 v3.0i Driver-dependant file (DPC,SPQR)
))
\Gin@req@height=\dimen106
\Gin@req@width=\dimen107
)
(/sw/share/texmf-dist/tex/latex/url/url.sty
\Urlmuskip=\muskip10
Package: url 2004/03/15  ver 3.1  Verb mode for urls, etc.
)
(/sw/share/texmf-dist/tex/latex/graphics/color.sty
Package: color 1999/02/16 v1.0i Standard LaTeX Color (DPC)

(/sw/share/texmf-dist/tex/latex/graphics/color.cfg
File: color.cfg 2005/02/03 v1.3 color configuration of teTeX/TeXLive
)
Package color Info: Driver file: dvips.def on input line 125.

(/sw/share/texmf-dist/tex/latex/graphics/dvipsnam.def
File: dvipsnam.def 1999/02/16 v3.0i Driver-dependant file (DPC,SPQR)
))
(/sw/share/texmf-dist/tex/latex/rotating/rotating.sty
Package: rotating 1997/09/26 v2.13 Rotation package

(/sw/share/texmf-dist/tex/latex/base/ifthen.sty
Package: ifthen 2001/05/26 v1.1c Standard LaTeX ifthen package (DPC)
)
\c@r@tfl@t=\count100
\rot@float@box=\box26
)
(/sw/share/texmf-dist/tex/latex/graphics/epsfig.sty
Package: epsfig 1999/02/16 v1.7a (e)psfig emulation (SPQR)
\epsfxsize=\dimen108
\epsfysize=\dimen109
)
(/sw/share/texmf-dist/tex/latex/caption/caption.sty
Package: caption 2004/07/16 v3.0c Customising captions (AS)
\captionmargin=\dimen110
\captionwidth=\dimen111
\captionindent=\dimen112
\captionparindent=\dimen113
\captionhangindent=\dimen114
Package caption Info: rotating package v2.0 (or newer) detected on input line 6
40.
)
(/sw/share/texmf-dist/tex/latex/subfig/subfig.sty
Package: subfig 2004/01/28 ver: 1.2 subfig package
\c@KVtest=\count101
\sf@farskip=\skip47
\sf@captopadj=\dimen115
\sf@capskip=\skip48
\sf@nearskip=\skip49
\c@subfigure=\count102
\c@subfigure@save=\count103
\c@lofdepth=\count104
\c@subtable=\count105
\c@subtable@save=\count106
\c@lotdepth=\count107
\sf@top=\skip50
\sf@bottom=\skip51
)
(/sw/share/texmf/tex/latex/abntex/abntcite.sty
(/sw/share/texmf/tex/latex/abntex/cvs-id.def)
Package: abntcite 2003/10/13 v1.26 Chamadas de referencias no texto (NBR10520)

(/sw/share/texmf/tex/latex/abntex/abntex-abrev.sty
(/sw/share/texmf/tex/latex/abntex/cvs-id.def)
Package: abntex-abrev 2003/10/13 v1.3 Abreviacoes

(/sw/share/texmf/tex/latex/abntex/nbr10522-1988.def
(/sw/share/texmf/tex/latex/abntex/cvs-id.def)
File: nbr10522-1988.def 2003/10/13 v1.2 Abreviacoes bibliograficas (NBR10522:19
88)
)
(/sw/share/texmf/tex/latex/abntex/abntex-abrev-pt_BR.def
(/sw/share/texmf/tex/latex/abntex/cvs-id.def)
File: abntex-abrev-pt_BR.def 2003/10/13 v1.2 definicao de abntex-abrev, traduca
o de termos en_US/pt_BR
))
(/sw/share/texmf/tex/latex/abntex/nbr10520-2002.def
(/sw/share/texmf/tex/latex/abntex/cvs-id.def)
File: nbr10520-2002.def 2003/10/13 v1.2 Definicoes para abntcite (NBR10520:2002
)
)
\minimumbiblabelwidth=\skip52
\ABCIauxlen=\skip53
\c@ABCIaux=\count108
\c@ABCImax=\count109

(/sw/share/texmf-dist/tex/latex/relsize/relsize.sty
Package: relsize 2003/07/04 ver 3.1
)
\biblabelsep=\skip54
LaTeX Info: Redefining \newblock on input line 562.
LaTeX Info: Redefining \cite on input line 589.
\ABCItoken=\toks17
)
(/sw/share/texmf-dist/tex/latex/amsfonts/amssymb.sty
Package: amssymb 2002/01/22 v2.2d

(/sw/share/texmf-dist/tex/latex/amsfonts/amsfonts.sty
Package: amsfonts 2001/10/25 v2.2f
\@emptytoks=\toks18
\symAMSa=\mathgroup4
\symAMSb=\mathgroup5
LaTeX Font Info:    Overwriting math alphabet `\mathfrak' in version `bold'
(Font)                  U/euf/m/n --> U/euf/b/n on input line 132.
))
(/sw/share/texmf-dist/tex/latex/tools/bm.sty
Package: bm 2004/02/26 v1.1c Bold Symbol Support (DPC/FMi)
\symboldoperators=\mathgroup6
\symboldletters=\mathgroup7
\symboldsymbols=\mathgroup8
LaTeX Font Info:    Redeclaring math alphabet \mathbf on input line 137.
LaTeX Info: Redefining \bm on input line 203.
)
(/sw/share/texmf-dist/tex/latex/fancyvrb/fancyvrb.sty
Package: fancyvrb 1998/07/17

Style option: `fancyvrb' v2.6, with DG/SPQR fixes <1998/07/17> (tvz)
\FV@CodeLineNo=\count110
\FV@InFile=\read1
\FV@TabBox=\box27
\c@FancyVerbLine=\count111
\FV@StepNumber=\count112
\FV@OutFile=\write3

No file fancyvrb.cfg.
) (/sw/share/texmf-dist/tex/latex/tools/multicol.sty
Package: multicol 2004/02/14 v1.6e multicolumn formatting (FMi)
\c@tracingmulticols=\count113
\mult@box=\box28
\multicol@leftmargin=\dimen116
\c@unbalance=\count114
\c@collectmore=\count115
\doublecol@number=\count116
\multicoltolerance=\count117
\multicolpretolerance=\count118
\full@width=\dimen117
\page@free=\dimen118
\premulticols=\dimen119
\postmulticols=\dimen120
\multicolsep=\skip55
\multicolbaselineskip=\skip56
\partial@page=\box29
\last@line=\box30
\mult@rightbox=\box31
\mult@grightbox=\box32
\mult@gfirstbox=\box33
\mult@firstbox=\box34
\@tempa=\box35
\@tempa=\box36
\@tempa=\box37
\@tempa=\box38
\@tempa=\box39
\@tempa=\box40
\@tempa=\box41
\@tempa=\box42
\@tempa=\box43
\@tempa=\box44
\@tempa=\box45
\@tempa=\box46
\@tempa=\box47
\@tempa=\box48
\@tempa=\box49
\@tempa=\box50
\@tempa=\box51
\c@columnbadness=\count119
\c@finalcolumnbadness=\count120
\last@try=\dimen121
\multicolovershoot=\dimen122
\multicolundershoot=\dimen123
\mult@nat@firstbox=\box52
\colbreak@box=\box53
)
(/sw/share/texmf/tex/savesym.sty
Package: savesym 2003/06/01 v1.1 Saves and restores symbols
) (/sw/share/texmf/tex/tlatex.sty
(/sw/share/texmf-dist/tex/latex/base/latexsym.sty
Package: latexsym 1998/08/17 v2.2e Standard LaTeX package (lasy symbols)
\symlasy=\mathgroup9
LaTeX Font Info:    Overwriting symbol font `lasy' in version `bold'
(Font)                  U/lasy/m/n --> U/lasy/b/n on input line 47.
)
\symlength=\skip57
\equalswidth=\skip58
\charwidth=\skip59
LaTeX Font Info:    Try loading font information for T1+ptm on input line 124.

(/sw/share/texmf-dist/tex/latex/psnfss/t1ptm.fd
File: t1ptm.fd 2001/06/04 font definitions for T1/ptm.
)
LaTeX Font Info:    Try loading font information for T1+pcr on input line 124.

(/sw/share/texmf-dist/tex/latex/psnfss/t1pcr.fd
File: t1pcr.fd 2001/06/04 font definitions for T1/pcr.
)
\boxrulewd=\skip60
\boxlineht=\skip61
\boxruleht=\skip62
\boxruledp=\skip63
\templena=\skip64
\templenb=\skip65
\tempboxa=\box54
\vshadelen=\skip66
\boxwidth=\skip67
\multicommentdepth=\skip68
\c@pardepth=\count121
\tempsbox=\box55
\spacewidth=\skip69
\alignboxwidth=\skip70
\alignwidth=\skip71
\alignbox=\box56
\symtlaitalics=\mathgroup10
\c@tlx@ctr=\count122

(/sw/share/texmf-dist/tex/latex/tools/verbatim.sty
Package: verbatim 2003/08/22 v1.5q LaTeX2e package for verbatim enhancements
\every@verbatim=\toks19
\verbatim@line=\toks20
\verbatim@in@stream=\read2
))
(/sw/share/texmf-dist/tex/latex/amsmath/amsmath.sty
Package: amsmath 2000/07/18 v2.13 AMS math features
\@mathmargin=\skip72

For additional information on amsmath, use the `?' option.
(/sw/share/texmf-dist/tex/latex/amsmath/amstext.sty
Package: amstext 2000/06/29 v2.01

(/sw/share/texmf-dist/tex/latex/amsmath/amsgen.sty
File: amsgen.sty 1999/11/30 v2.0
\@emptytoks=\toks21
\ex@=\dimen124
))
(/sw/share/texmf-dist/tex/latex/amsmath/amsbsy.sty
Package: amsbsy 1999/11/29 v1.2d
LaTeX Info: Redefining \boldsymbol on input line 54.
\pmbraise@=\dimen125
)
(/sw/share/texmf-dist/tex/latex/amsmath/amsopn.sty
Package: amsopn 1999/12/14 v2.01 operator names
)
\inf@bad=\count123
LaTeX Info: Redefining \frac on input line 211.
\uproot@=\count124
\leftroot@=\count125
LaTeX Info: Redefining \overline on input line 307.
\classnum@=\count126
\DOTSCASE@=\count127
LaTeX Info: Redefining \ldots on input line 379.
LaTeX Info: Redefining \dots on input line 382.
LaTeX Info: Redefining \cdots on input line 467.
\Mathstrutbox@=\box57
\strutbox@=\box58
\big@size=\dimen126
LaTeX Font Info:    Redeclaring font encoding OML on input line 567.
LaTeX Font Info:    Redeclaring font encoding OMS on input line 568.
\macc@depth=\count128
\c@MaxMatrixCols=\count129
\dotsspace@=\muskip11
\c@parentequation=\count130
\dspbrk@lvl=\count131
\tag@help=\toks22
\row@=\count132
\column@=\count133
\maxfields@=\count134
\andhelp@=\toks23
\eqnshift@=\dimen127
\alignsep@=\dimen128
\tagshift@=\dimen129
\tagwidth@=\dimen130
\totwidth@=\dimen131
\lineht@=\dimen132
\@envbody=\toks24
\multlinegap=\skip73
\multlinetaggap=\skip74
\mathdisplay@stack=\toks25
LaTeX Info: Redefining \[ on input line 2666.
LaTeX Info: Redefining \] on input line 2667.
)) (./main.aux
(./chapter/0-begin/aprov.aux) (./chapter/0-begin/acknow.aux)
(./chapter/0-begin/termo.aux) (./chapter/0-begin/resumo.aux)
(./chapter/0-begin/abstract.aux) (./chapter/0-begin/siglas.aux)
(./chapter/1-intro/introducao.aux) (./chapter/2-motiv/motivacao.aux)
(./chapter/3-proto/protocol.aux) (./chapter/4-rtos/plataforma.aux)
(./chapter/5-imp/implementacao.aux) (./chapter/6-conc/conclusao.aux)
(./chapter/7-apend/spec.aux) (./chapter/7-apend/traces.aux)
(./chapter/7-apend/spec2.aux))
\openout1 = `main.aux'.

LaTeX Font Info:    Checking defaults for OML/cmm/m/it on input line 64.
LaTeX Font Info:    ... okay on input line 64.
LaTeX Font Info:    Checking defaults for T1/cmr/m/n on input line 64.
LaTeX Font Info:    ... okay on input line 64.
LaTeX Font Info:    Checking defaults for OT1/cmr/m/n on input line 64.
LaTeX Font Info:    ... okay on input line 64.
LaTeX Font Info:    Checking defaults for OMS/cmsy/m/n on input line 64.
LaTeX Font Info:    ... okay on input line 64.
LaTeX Font Info:    Checking defaults for OMX/cmex/m/n on input line 64.
LaTeX Font Info:    ... okay on input line 64.
LaTeX Font Info:    Checking defaults for U/cmr/m/n on input line 64.
LaTeX Font Info:    ... okay on input line 64.
 (/sw/share/texmf-dist/tex/latex/ms/ragged2e.sty
Package: ragged2e 2003/03/25 v2.04 ragged2e Package (MS)

(/sw/share/texmf-dist/tex/latex/ms/everysel.sty
Package: everysel 1999/06/08 v1.03 EverySelectfont Package (MS)
LaTeX Info: Redefining \selectfont on input line 125.
)
\CenteringLeftskip=\skip75
\RaggedLeftLeftskip=\skip76
\RaggedRightLeftskip=\skip77
\CenteringRightskip=\skip78
\RaggedLeftRightskip=\skip79
\RaggedRightRightskip=\skip80
\CenteringParfillskip=\skip81
\RaggedLeftParfillskip=\skip82
\RaggedRightParfillskip=\skip83
\JustifyingParfillskip=\skip84
\CenteringParindent=\skip85
\RaggedLeftParindent=\skip86
\RaggedRightParindent=\skip87
\JustifyingParindent=\skip88
)
File: fig/ufba.eps Graphic file (type eps)
 <fig/ufba.eps>
LaTeX Font Info:    Font shape `T1/ptm/bx/n' in size <14.4> not available
(Font)              Font shape `T1/ptm/b/n' tried instead on input line 73.
LaTeX Font Info:    Try loading font information for U+msa on input line 73.

(/sw/share/texmf-dist/tex/latex/amsfonts/umsa.fd
File: umsa.fd 2002/01/19 v2.2g AMS font definitions
)
LaTeX Font Info:    Try loading font information for U+msb on input line 73.

(/sw/share/texmf-dist/tex/latex/amsfonts/umsb.fd
File: umsb.fd 2002/01/19 v2.2g AMS font definitions
)
LaTeX Font Info:    Try loading font information for U+lasy on input line 73.

(/sw/share/texmf-dist/tex/latex/base/ulasy.fd
File: ulasy.fd 1998/08/17 v2.2e LaTeX symbol font definitions
) [1



] [2

]
\openout2 = `chapter/0-begin/aprov.aux'.


(./chapter/0-begin/aprov.tex
LaTeX Font Info:    Font shape `T1/ptm/bx/n' in size <12> not available
(Font)              Font shape `T1/ptm/b/n' tried instead on input line 13.

Overfull \hbox (30.72896pt too wide) in paragraph at lines 10--30
 []$
 []

LaTeX Font Info:    Font shape `T1/ptm/bx/sc' in size <12> not available
(Font)              Font shape `T1/ptm/b/sc' tried instead on input line 34.
) [3


]
Underfull \hbox (badness 10000) in paragraph at lines 81--81

 []

[4


]
Underfull \hbox (badness 10000) in paragraph at lines 88--88

 []

[5

]
\openout2 = `chapter/0-begin/acknow.aux'.

 (./chapter/0-begin/acknow.tex) [6

]
\openout2 = `chapter/0-begin/termo.aux'.

 (./chapter/0-begin/termo.tex
LaTeX Font Info:    Try loading font information for T1+phv on input line 1.

(/sw/share/texmf-dist/tex/latex/psnfss/t1phv.fd
File: t1phv.fd 2001/06/04 scalable font definitions for T1/phv.
)
LaTeX Font Info:    Font shape `T1/phv/bx/n' in size <17.28> not available
(Font)              Font shape `T1/phv/b/n' tried instead on input line 1.
LaTeX Font Info:    Font shape `T1/phv/bx/n' in size <12> not available
(Font)              Font shape `T1/phv/b/n' tried instead on input line 8.
) [7



]
\openout2 = `chapter/0-begin/resumo.aux'.


(./chapter/0-begin/resumo.tex) [8



]
\openout2 = `chapter/0-begin/abstract.aux'.

 (./chapter/0-begin/abstract.tex) [9



]
\openout2 = `chapter/0-begin/siglas.aux'.


(./chapter/0-begin/siglas.tex) [10



] (./main.toc [11


] [12]
LaTeX Font Info:    Font shape `T1/phv/bx/it' in size <12> not available
(Font)              Font shape `T1/phv/b/it' tried instead on input line 66.
LaTeX Font Info:    Font shape `T1/phv/b/it' in size <12> not available
(Font)              Font shape `T1/phv/b/sl' tried instead on input line 66.
 [13])
\tf@toc=\write4
\openout4 = `main.toc'.

 [14]
(./main.lof [15

])
\tf@lof=\write5
\openout5 = `main.lof'.

 [16] (./main.lot)
\tf@lot=\write6
\openout6 = `main.lot'.

 [17

]
\openout2 = `chapter/1-intro/introducao.aux'.

 (./chapter/1-intro/introducao.tex
[1



] [2]
LaTeX Font Info:    Try loading font information for OMS+ptm on input line 100.

 (/sw/share/texmf-dist/tex/latex/psnfss/omsptm.fd
File: omsptm.fd 
)
LaTeX Font Info:    Font shape `OMS/ptm/m/n' in size <12> not available
(Font)              Font shape `OMS/cmsy/m/n' tried instead on input line 100.
 [3]) [4]
\openout2 = `chapter/2-motiv/motivacao.aux'.


(./chapter/2-motiv/motivacao.tex [5



]
LaTeX Font Info:    Font shape `T1/ptm/bx/it' in size <12> not available
(Font)              Font shape `T1/ptm/b/it' tried instead on input line 52.
 (./fig/ethernetFrame.pstex_t
File: fig/ethernetFrame.pstex Graphic file (type eps)

<fig/ethernetFrame.pstex>)
Underfull \hbox (badness 7326) in paragraph at lines 58--58
 []|\T1/ptm/m/n/12 Figura 2.1: Um qua-dro Ether-net (nú-me-ros em \T1/ptm/m/it/
12 by-tes\T1/ptm/m/n/12 ) 
 []

[6]
LaTeX Font Info:    Font shape `U/lasy/b/n' in size <8> not available
(Font)              Font shape `U/lasy/m/n' tried instead on input line 81.
LaTeX Font Info:    Font shape `U/lasy/b/n' in size <6> not available
(Font)              Font shape `U/lasy/m/n' tried instead on input line 81.
 [7] [8] (./fig/colisaoCSMA-CD.pstex_t
File: fig/colisaoCSMA-CD.pstex Graphic file (type eps)
 <fig/colisaoCSMA-CD.pstex>)
Underfull \hbox (badness 10000) in paragraph at lines 207--207
 []|\T1/ptm/m/n/12 Figura 2.2: Um ce-ná-rio de co-li-são [] 
 []

[9] [10] [11] [12] [13] [14] [15] (./fig/aneis.pstex_t
File: fig/aneis.pstex Graphic file (type eps)
 <fig/aneis.pstex>)
Underfull \hbox (badness 10000) in paragraph at lines 469--469
 []|\T1/ptm/m/n/12 Figura 2.3: Os anéis VTPE e TEM-PRA [] 
 []

[16] [17] [18] [19] [20] [21]) [22]
\openout2 = `chapter/3-proto/protocol.aux'.

 (./chapter/3-proto/protocol.tex [23



]
[24] [25] [26] [27] (./fig/dorisStruct.pstex_t
File: fig/dorisStruct.pstex Graphic file (type eps)
 <fig/dorisStruct.pstex>
LaTeX Font Info:    Calculating math sizes for size <14> on input line 18.
)
Underfull \hbox (badness 6284) in paragraph at lines 195--195
 []|\T1/ptm/m/n/12 Figura 3.1: O es-quema de Di-vi-são Tem-po-ral de \T1/ptm/m/
it/12 Do-RiS 
 []

[28] [29] [30] [31] [32]
\%{452.96788pt}

Overfull \hbox (17.62482pt too wide) in paragraph at lines 412--421
[]$[]$ 
 []

\%{452.96788pt}

Overfull \hbox (17.62482pt too wide) in paragraph at lines 426--434
[]$[]$ 
 []

[33]
LaTeX Font Info:    Font shape `T1/ptm/bx/it' in size <8> not available
(Font)              Font shape `T1/ptm/b/it' tried instead on input line 438.
LaTeX Font Info:    Font shape `T1/ptm/bx/it' in size <6> not available
(Font)              Font shape `T1/ptm/b/it' tried instead on input line 438.

Overfull \hbox (17.62482pt too wide) in paragraph at lines 445--454
[]$[]$ 
 []

\%{452.96788pt}
\%{452.96788pt}

Overfull \hbox (17.62482pt too wide) in paragraph at lines 484--491
[]$[]$ 
 []

\%{452.96788pt}

Overfull \hbox (17.62482pt too wide) in paragraph at lines 503--511
[]$[]$ 
 []

[34]
\%{452.96788pt}

Overfull \hbox (17.62482pt too wide) in paragraph at lines 523--532
[]$[]$ 
 []

\%{452.96788pt}

Overfull \hbox (17.62482pt too wide) in paragraph at lines 536--545
[]$[]$ 
 []


Underfull \hbox (badness 2961) in paragraph at lines 605--605
 []|\T1/ptm/m/n/12 Tabela 3.1: O con-junto \T1/ptm/m/sc/12 cons-tants \T1/ptm/m
/n/12 da es-pe-ci-fi-ca-ção de \T1/ptm/m/it/12 Do-RiS 
 []


Underfull \hbox (badness 10000) in paragraph at lines 625--625
[]$[]\T1/cmr/m/it/12 Shared[]$
 []


Overfull \hbox (2.55067pt too wide) in paragraph at lines 628--629
[][]| 
 []


Overfull \hbox (1.6509pt too wide) in paragraph at lines 633--634
[]$[]\T1/cmr/m/it/12 chipCount[]$| 
 []


Overfull \hbox (2.55067pt too wide) in paragraph at lines 642--643
[][][]| 
 []


Underfull \hbox (badness 10000) in paragraph at lines 649--649
[]$[]\T1/cmr/m/it/12 TaskState[]$
 []


Overfull \hbox (2.55067pt too wide) in paragraph at lines 656--657
[][][]| 
 []


Underfull \hbox (badness 10000) in paragraph at lines 670--670
[]$[]\T1/cmr/m/it/12 ProcState[]$
 []


Underfull \hbox (badness 10000) in paragraph at lines 685--685
[]$[]\T1/cmr/m/it/12 History[]$
 []


Underfull \hbox (badness 10000) in paragraph at lines 685--685
\T1/ptm/m/n/12 (ob-ser-va-dor
 []


Underfull \hbox (badness 3148) in paragraph at lines 698--698
 []|\T1/ptm/m/n/12 Tabela 3.2: O con-junto \T1/ptm/m/sc/12 va-ri-a-bles \T1/ptm
/m/n/12 da es-pe-ci-fi-ca-ção de \T1/ptm/m/it/12 Do-RiS 
 []

[35]
\%{452.96788pt}

Underfull \hbox (badness 10000) in paragraph at lines 742--742
 []|\T1/ptm/m/n/12 Figura 3.2: A fór-mula Spec [] 
 []


Overfull \hbox (6.0pt too wide) in paragraph at lines 742--742
[] 
 []

[36]

LaTeX Warning: Text page 37 contains only floats.

[37]
\%{452.96788pt}

Underfull \hbox (badness 10000) in paragraph at lines 784--784
 []|\T1/ptm/m/n/12 Figura 3.3: A fór-mula $\T1/cmr/m/it/12 Init$ [] 
 []


Overfull \hbox (6.0pt too wide) in paragraph at lines 784--784
[] 
 []

[38]
\%{452.96788pt}

Underfull \hbox (badness 10000) in paragraph at lines 851--851
 []|\T1/ptm/m/n/12 Figura 3.4: A fun-ção $\T1/cmr/m/it/12 list$ [] 
 []


Overfull \hbox (6.0pt too wide) in paragraph at lines 851--851
[] 
 []

[39]
Underfull \hbox (badness 10000) in paragraph at lines 897--897
 []|\T1/ptm/m/n/12 Figura 3.5: A ação $\T1/cmr/m/it/12 Next$ [] 
 []


Overfull \hbox (6.0pt too wide) in paragraph at lines 897--897
[] 
 []

[40] [41]
\%{452.96788pt}

Underfull \hbox (badness 10000) in paragraph at lines 1019--1019
 []|\T1/ptm/m/n/12 Figura 3.6: A ação $\T1/cmr/m/it/12 SendElem$ [] 
 []


Overfull \hbox (6.0pt too wide) in paragraph at lines 1019--1019
[] 
 []

[42] [43]
\%{452.96788pt}

Underfull \hbox (badness 10000) in paragraph at lines 1100--1100
 []|\T1/ptm/m/n/12 Figura 3.7: A fun-ção $\T1/cmr/m/it/12 reservation$ [] 
 []


Overfull \hbox (6.0pt too wide) in paragraph at lines 1100--1100
[] 
 []

[44]
\%{452.96788pt}

Underfull \hbox (badness 10000) in paragraph at lines 1159--1159
 []|\T1/ptm/m/n/12 Figura 3.8: A ação $\T1/cmr/m/it/12 SendRese$ [] 
 []


Overfull \hbox (6.0pt too wide) in paragraph at lines 1159--1159
[] 
 []

[45]
Underfull \hbox (badness 8094) in paragraph at lines 1183--1186
[]\T1/ptm/m/n/12 A lista de re-ser-vas da ta-refa $\T1/cmr/m/it/12 T\OT1/cmr/m/
n/12 [\T1/cmr/m/it/12 i\OT1/cmr/m/n/12 ]$ \T1/ptm/m/n/12 é atu-a-li-zada, re-de
-fi-nindo o va-lor de
 []

\%{452.96788pt}

Underfull \hbox (badness 10000) in paragraph at lines 1243--1243
 []|\T1/ptm/m/n/12 Figura 3.9: A ação $\T1/cmr/m/it/12 RecvHard$ [] 
 []


Overfull \hbox (6.0pt too wide) in paragraph at lines 1243--1243
[] 
 []


Underfull \hbox (badness 10000) in paragraph at lines 1253--1268
[]\T1/ptm/m/n/12 A cons-tru-ção ``\T1/ptm/m/sc/12 except\T1/ptm/m/n/12 '' é uti
-li-zada para atu-a-li-zar o es-tado do meio
 []

[46] [47]
\%{452.96788pt}

Underfull \hbox (badness 10000) in paragraph at lines 1348--1348
 []|\T1/ptm/m/n/12 Figura 3.10: A ação $\T1/cmr/m/it/12 SendSoft$ [] 
 []


Overfull \hbox (6.0pt too wide) in paragraph at lines 1348--1348
[] 
 []

[48]
\%{452.96788pt}

Underfull \hbox (badness 6542) in paragraph at lines 1402--1402
 []|\T1/ptm/m/n/12 Figura 3.11: O con-junto $\T1/cmr/m/it/12 Failed$ \T1/ptm/m/
n/12 e a fun-ção $\T1/cmr/m/it/12 lenMsg\OT1/cmr/m/n/12 (\T1/cmr/m/it/12 i\OT1/
cmr/m/n/12 )$ [] 
 []


Overfull \hbox (6.0pt too wide) in paragraph at lines 1402--1402
[] 
 []

[49]
\%{452.96788pt}

Underfull \hbox (badness 10000) in paragraph at lines 1480--1480
 []|\T1/ptm/m/n/12 Figura 3.12: A ação $\T1/cmr/m/it/12 RecvSoft$ [] 
 []


Overfull \hbox (6.0pt too wide) in paragraph at lines 1480--1480
[] 
 []

[50]
\%{452.96788pt}

Overfull \hbox (0.59251pt too wide) in paragraph at lines 1539--1540
[][] 
 []


Overfull \hbox (4.38968pt too wide) in paragraph at lines 1553--1555
[][] 
 []


Underfull \hbox (badness 10000) in paragraph at lines 1560--1560
 []|\T1/ptm/m/n/12 Figura 3.13: A ação $\T1/cmr/m/it/12 NextTick$ [] 
 []


Overfull \hbox (6.0pt too wide) in paragraph at lines 1560--1560
[] 
 []

[51] [52] [53]
\%{452.96788pt}

Overfull \hbox (11.66614pt too wide) in paragraph at lines 1674--1675
[][] 
 []


Underfull \hbox (badness 10000) in paragraph at lines 1685--1685
 []|\T1/ptm/m/n/12 Figura 3.14: A ação $\T1/cmr/m/it/12 NextChip$ [] 
 []


Overfull \hbox (6.0pt too wide) in paragraph at lines 1685--1685
[] 
 []

[54]
Underfull \hbox (badness 10000) in paragraph at lines 1707--1711
[]\T1/ptm/m/n/12 Se ne-nhuma men-sa-gem não-crítica foi re-ce-bida du-rante $\O
MS/cmsy/m/n/12 W[] $ \T1/ptm/m/n/12 deste \T1/ptm/m/it/12 chip
 []

[55]
\%{452.96788pt}

Underfull \hbox (badness 10000) in paragraph at lines 1811--1811
 []|\T1/ptm/m/n/12 Figura 3.15: A pro-pri-e-dade $\T1/cmr/m/it/12 TypeInvariant
$ [] 
 []


Overfull \hbox (6.0pt too wide) in paragraph at lines 1811--1811
[] 
 []

[56]
Underfull \hbox (badness 1742) in paragraph at lines 1822--1829
[]\T1/ptm/m/n/12 Uma vez es-pe-ci-fi-ca-dos os con-jun-tos de va-ri-a-ção para 
cada va-riá-vel, o in-va-ri-ante
 []

\%{452.96788pt}

Underfull \hbox (badness 10000) in paragraph at lines 1858--1858
 []|\T1/ptm/m/n/12 Figura 3.16: A pro-pri-e-dade $\T1/cmr/m/it/12 CollisionAvoi
dance$ [] 
 []


Overfull \hbox (6.0pt too wide) in paragraph at lines 1858--1858
[] 
 []

[57]
\%{452.96788pt}
\%{452.96788pt}

Underfull \hbox (badness 7925) in paragraph at lines 1905--1905
 []|\T1/ptm/m/n/12 Figura 3.17: A pro-pri-e-dade $\T1/cmr/m/it/12 HardRingCorre
ctness$ [] 
 []


Overfull \hbox (6.0pt too wide) in paragraph at lines 1905--1905
[] 
 []

[58]
\%{452.96788pt}

Underfull \hbox (badness 10000) in paragraph at lines 1961--1961
 []|\T1/ptm/m/n/12 Figura 3.18: A pro-pri-e-dade $\T1/cmr/m/it/12 ReservationSa
fety$ [] 
 []


Overfull \hbox (6.0pt too wide) in paragraph at lines 1961--1961
[] 
 []

[59]
\%{452.96788pt}

Underfull \hbox (badness 10000) in paragraph at lines 1989--1989
 []|\T1/ptm/m/n/12 Figura 3.19: A pro-pri-e-dade $\T1/cmr/m/it/12 ReservationSa
fety$ [] 
 []


Overfull \hbox (6.0pt too wide) in paragraph at lines 1989--1989
[] 
 []

[60]) [61]
\openout2 = `chapter/4-rtos/plataforma.aux'.

 (./chapter/4-rtos/plataforma.tex [62



] [63] [64] [65] [66] [67]
[68] [69] [70] [71] (./fig/resolTick.pstex_t
File: fig/resolTick.pstex Graphic file (type eps)
 <fig/resolTick.pstex>)
Underfull \hbox (badness 7273) in paragraph at lines 427--427
 []|\T1/ptm/m/n/12 Figura 4.1: La-tên-cia cau-sa-das pela exis-tên-cia do \T1/p
tm/m/it/12 tick 
 []

[72]
Underfull \hbox (badness 10000) in paragraph at lines 444--451

 []

(./fig/sleep.tex
File: fig/sleep.eps Graphic file (type eps)
 <fig/sleep.eps>)
Underfull \hbox (badness 2012) in paragraph at lines 471--471
 []|\T1/ptm/m/n/12 Figura 4.2: Tempo de dor-mên-cia com cha-ma-das  \T1/pcr/m/n
/12 usleep \T1/ptm/m/n/12 de 6 $\T1/cmr/m/it/12 ms$ 
 []

[73] [74] [75] [76] [77] [78] [79] [80] [81] [82] [83] [84]
(./fig/config.pstex_t
File: fig/config.pstex Graphic file (type eps)
 <fig/config.pstex>)
Underfull \hbox (badness 10000) in paragraph at lines 945--945
 []|\T1/ptm/m/n/12 Figura 4.3: Con-fi-gu-ra-ção do ex-pe-ri-mento. 
 []

[85] (./fig/dispExp.pstex_t
File: fig/dispExp.pstex Graphic file (type eps)
 <fig/dispExp.pstex>) [86] [87] [88] [89] [90]
(./fig/ker23Sem.tex
File: fig/ker23Sem.eps Graphic file (type eps)
 <fig/ker23Sem.eps>)
LaTeX Font Info:    Font shape `T1/ptm/bx/n' in size <10> not available
(Font)              Font shape `T1/ptm/b/n' tried instead on input line 1176.
 (./fig/ker23Tot.tex
File: fig/ker23Tot.eps Graphic file (type eps)
 <fig/ker23Tot.eps>) (./fig/preSem.tex
File: fig/preSem.eps Graphic file (type eps)
 <fig/preSem.eps>) (./fig/preTot.tex
File: fig/preTot.eps Graphic file (type eps)
 <fig/preTot.eps>)
(./fig/rtaiSem.tex
File: fig/rtaiSem.eps Graphic file (type eps)
 <fig/rtaiSem.eps>) (./fig/rtaiTot.tex
File: fig/rtaiTot.eps Graphic file (type eps)
 <fig/rtaiTot.eps>)
(./fig/xenSem.tex
File: fig/xenSem.eps Graphic file (type eps)
 <fig/xenSem.eps>) (./fig/xenTot.tex
File: fig/xenTot.eps Graphic file (type eps)
 <fig/xenTot.eps>)

LaTeX Warning: Float too large for page by 60.98705pt on input line 1216.

[91] [92] (./fig/ker23SemSched.tex
File: fig/ker23SemSched.eps Graphic file (type eps)
 <fig/ker23SemSched.eps>)
(./fig/ker23TotSched.tex
File: fig/ker23TotSched.eps Graphic file (type eps)
 <fig/ker23TotSched.eps>) (./fig/preSemSched.tex
File: fig/preSemSched.eps Graphic file (type eps)

<fig/preSemSched.eps>) (./fig/preTotSched.tex
File: fig/preTotSched.eps Graphic file (type eps)
 <fig/preTotSched.eps>)
(./fig/rtaiSemSched.tex
File: fig/rtaiSemSched.eps Graphic file (type eps)
 <fig/rtaiSemSched.eps>) (./fig/rtaiTotSched.tex
File: fig/rtaiTotSched.eps Graphic file (type eps)

<fig/rtaiTotSched.eps>) (./fig/xenSemSched.tex
File: fig/xenSemSched.eps Graphic file (type eps)
 <fig/xenSemSched.eps>)
(./fig/xenTotSched.tex
File: fig/xenTotSched.eps Graphic file (type eps)
 <fig/xenTotSched.eps>)

LaTeX Warning: Float too large for page by 60.98705pt on input line 1307.

(./fig/preSemSchedND.tex
File: fig/preSemSchedND.eps Graphic file (type eps)
 <fig/preSemSchedND.eps>) (./fig/preTotSchedND.tex
File: fig/preTotSchedND.eps Graphic file (type eps)

<fig/preTotSchedND.eps>)
Underfull \hbox (badness 2726) in paragraph at lines 1331--1331
 []|\T1/ptm/m/n/12 Figura 4.7: La-tên-cia de ati-va-ção do Linux$[]$ de-sa-bi-l
i-tando o \T1/ptm/m/it/12 th- 
 []


Underfull \hbox (badness 2600) in paragraph at lines 1331--1331
 \T1/ptm/m/it/12 read \T1/ptm/m/n/12 as-so-ci-ado as in-ter-rup-ções da PP (op-
ção  \T1/pcr/m/n/12 IRQF[] NODELAY\T1/ptm/m/n/12 ). 
 []

[93] [94]) [95] [96]
\openout2 = `chapter/5-imp/implementacao.aux'.

 (./chapter/5-imp/implementacao.tex
LaTeX Font Info:    Font shape `T1/phv/bx/it' in size <17.28> not available
(Font)              Font shape `T1/phv/b/it' tried instead on input line 1.
LaTeX Font Info:    Font shape `T1/phv/b/it' in size <17.28> not available
(Font)              Font shape `T1/phv/b/sl' tried instead on input line 1.
 [97



] [98] [99] [100]
(./fig/rtdm.pstex_t
File: fig/rtdm.pstex Graphic file (type eps)
 <fig/rtdm.pstex>)
Underfull \hbox (badness 2020) in paragraph at lines 165--165
 []|\T1/ptm/m/n/12 Figura 5.1: A in-ter-face do RTDM (re-pro-du-zida de (\T1/pt
m/m/n/10 KISZKA\T1/ptm/m/n/12 , 2005)) 
 []

[101] [102] (./fig/rtdmRTnet.pstex_t
File: fig/rtdmRTnet.pstex Graphic file (type eps)
 <fig/rtdmRTnet.pstex>)
Underfull \hbox (badness 10000) in paragraph at lines 222--222
 []|\T1/ptm/m/n/12 Figura 5.2: Lo-ca-li-za-ção do RT-net. 
 []

(./fig/RTnet.pstex_t
File: fig/RTnet.pstex Graphic file (type eps)
 <fig/RTnet.pstex>)
Underfull \hbox (badness 10000) in paragraph at lines 246--246
 []|\T1/ptm/m/n/12 Figura 5.3: Es-tru-tura em ca-mada do RT-net. 
 []

[103] [104] [105] [106]
Underfull \hbox (badness 4582) in paragraph at lines 370--381
\T1/ptm/m/n/12 de-reço IP, uma es-ta-ção en-via um pa-cote ARP usando o en-de-r
eço um-para-todos
 []

[107] (./fig/RTnetFrame.pstex_t
File: fig/RTnetFrame.pstex Graphic file (type eps)
 <fig/RTnetFrame.pstex>)
Underfull \hbox (badness 10000) in paragraph at lines 418--418
 []|\T1/ptm/m/n/12 Figura 5.4: Ca-be-ça-lhos do RT-net. 
 []

[108] [109] [110] (./fig/dorisStruct.pstex_t
File: fig/dorisStruct.pstex Graphic file (type eps)
 <fig/dorisStruct.pstex>)
Underfull \hbox (badness 6876) in paragraph at lines 523--523
 []|\T1/ptm/m/n/12 Figura 5.5: O es-quema de di-vi-são tem-po-ral de \T1/ptm/m/
it/12 Do-RiS 
 []

[111] [112]
LaTeX Font Info:    Try loading font information for OML+ptm on input line 596.

 (/sw/share/texmf-dist/tex/latex/psnfss/omlptm.fd
File: omlptm.fd 
)
LaTeX Font Info:    Font shape `OML/ptm/m/it' in size <12> not available
(Font)              Font shape `OML/cmm/m/it' tried instead on input line 596.
 [113] [114]
(./fig/sync_diff.pstex_t
File: fig/sync_diff.pstex Graphic file (type eps)
 <fig/sync_diff.pstex>)
Underfull \hbox (badness 10000) in paragraph at lines 677--677
 []|\T1/ptm/m/n/12 Figura 5.6: Cál-culo de $\OT1/cmr/m/n/12 ^^A[] $[] 
 []

[115] [116] [117] [118] [119]
Overfull \hbox (0.85666pt too wide) in paragraph at lines 854--856
[]\T1/ptm/m/n/12 Quando em posse do bas-tão, acor-dar a ta-refa de emis-são das
 men-sa-gens não-críticas. 
 []

[120] [121] [122] [123]) [124]
\openout2 = `chapter/6-conc/conclusao.aux'.

 (./chapter/6-conc/conclusao.tex [125



] [126])
[127]
\openout2 = `chapter/7-apend/spec.aux'.

 (./chapter/7-apend/spec.tex [128




]
Overfull \hbox (21.03212pt too wide) in paragraph at lines 25--27
[][]
 []


Overfull \hbox (21.03212pt too wide) in paragraph at lines 25--27
[] 
 []


Overfull \hbox (21.03212pt too wide) in paragraph at lines 106--107
[][]
 []


Overfull \hbox (21.03212pt too wide) in paragraph at lines 106--107
[] 
 []


Underfull \hbox (badness 2753) in paragraph at lines 109--109
 []|\T1/ptm/m/n/12 Figura A.1: Ar-quivo de con-fi-gu-ra-ção da es-pe-ci-fi-ca-ç
ão de \T1/ptm/m/it/12 Do-RiS 
 []

[129

] [130] [131] [132] [133]
Overfull \hbox (7.62251pt too wide) in paragraph at lines 488--489
[][] 
 []


Overfull \hbox (14.70969pt too wide) in paragraph at lines 502--504
[][] 
 []


Overfull \hbox (20.32614pt too wide) in paragraph at lines 525--526
[][] 
 []

[134]
Underfull \hbox (badness 4429) in paragraph at lines 577--586
[]\T1/ptm/m/n/10 ``$\T1/cmr/m/it/10 CollisionAvoidance$\T1/ptm/m/n/10 '' checks
 that the to-ken can be hold by only one task or pro-cess at once.
 []


Overfull \hbox (5.21057pt too wide) in paragraph at lines 625--627
[][] 
 []

[135]) [136]
\openout2 = `chapter/7-apend/traces.aux'.

 (./chapter/7-apend/traces.tex [137



] [138] [139]) [140]
\openout2 = `chapter/7-apend/spec2.aux'.


(./chapter/7-apend/spec2.tex [141



]
Overfull \hbox (17.03212pt too wide) in paragraph at lines 12--14
[][]
 []


Overfull \hbox (17.03212pt too wide) in paragraph at lines 12--14
[] 
 []


Overfull \hbox (17.03212pt too wide) in paragraph at lines 93--95
[][]
 []


Overfull \hbox (17.03212pt too wide) in paragraph at lines 93--95
[] 
 []


Underfull \hbox (badness 2790) in paragraph at lines 98--98
 []|\T1/ptm/m/n/12 Figura C.1: Ar-quivo de con-fi-gu-ra-ção da es-pe-ci-fi-ca-ç
ão de \T1/ptm/m/it/12 Do-RiS 
 []

[142

] [143] [144] [145] [146] [147]
Overfull \hbox (30.10194pt too wide) in paragraph at lines 569--571
[][] 
 []

[148]
Underfull \hbox (badness 4429) in paragraph at lines 625--634
[]\T1/ptm/m/n/10 ``$\T1/cmr/m/it/10 CollisionAvoidance$\T1/ptm/m/n/10 '' checks
 that the to-ken can be hold by only one task or pro-cess at once.
 []

[149]) [150] (./main.bbl [151


] [152] [153] [154] [155] [156]) [157] (./main.aux (./chapter/0-begin/aprov.aux
) (./chapter/0-begin/acknow.aux)
(./chapter/0-begin/termo.aux) (./chapter/0-begin/resumo.aux)
(./chapter/0-begin/abstract.aux) (./chapter/0-begin/siglas.aux)
(./chapter/1-intro/introducao.aux) (./chapter/2-motiv/motivacao.aux)
(./chapter/3-proto/protocol.aux) (./chapter/4-rtos/plataforma.aux)
(./chapter/5-imp/implementacao.aux) (./chapter/6-conc/conclusao.aux)
(./chapter/7-apend/spec.aux) (./chapter/7-apend/traces.aux)
(./chapter/7-apend/spec2.aux)) ) 
Here is how much of TeX's memory you used:
 5602 strings out of 94501
 76134 string characters out of 1176136
 147710 words of memory out of 1500000
 8367 multiletter control sequences out of 10000+50000
 112693 words of font info for 138 fonts, out of 1200000 for 2000
 580 hyphenation exceptions out of 8191
 34i,21n,38p,707b,467s stack positions out of 5000i,500n,6000p,200000b,5000s

Output written on main.dvi (174 pages, 629796 bytes).
