This is pdfeTeX, Version 3.141592-1.21a-2.2 (Web2C 7.5.4) (format=latex 2007.5.30)  4 APR 2008 10:48
entering extended mode
**main.tex
(./main.tex
LaTeX2e <2003/12/01>
Babel <v3.8d> and hyphenation patterns for american, french, german, ngerman, b
ahasa, basque, bulgarian, catalan, croatian, czech, danish, dutch, esperanto, e
stonian, finnish, greek, icelandic, irish, italian, latin, magyar, norsk, polis
h, portuges, romanian, russian, serbian, slovak, slovene, spanish, swedish, tur
kish, ukrainian, nohyphenation, loaded.
(./mestrado.cls
Document Class: mestrado 
(/usr/share/texmf-tetex/tex/latex/base/book.cls
Document Class: book 2004/02/16 v1.4f Standard LaTeX document class
(/usr/share/texmf-tetex/tex/latex/base/bk12.clo
File: bk12.clo 2004/02/16 v1.4f Standard LaTeX file (size option)
)
\c@part=\count79
\c@chapter=\count80
\c@section=\count81
\c@subsection=\count82
\c@subsubsection=\count83
\c@paragraph=\count84
\c@subparagraph=\count85
\c@figure=\count86
\c@table=\count87
\abovecaptionskip=\skip41
\belowcaptionskip=\skip42
\bibindent=\dimen102
)
(/usr/share/texmf-tetex/tex/generic/babel/babel.sty
Package: babel 2004/11/20 v3.8d The Babel package

(/usr/share/texmf-tetex/tex/generic/babel/portuges.ldf
Language: portuges 2004/02/19 v1.2p Portuguese support from the babel system

(/usr/share/texmf-tetex/tex/generic/babel/babel.def
File: babel.def 2004/11/20 v3.8d Babel common definitions
\babel@savecnt=\count88
\U@D=\dimen103
)
\l@brazil = a dialect from \language\l@portuges 
Package babel Info: Making " an active character on input line 145.
))
(/usr/share/texmf-tetex/tex/latex/tools/calc.sty
Package: calc 1998/07/07 v4.1b Infix arithmetic (KKT,FJ)
\calc@Acount=\count89
\calc@Bcount=\count90
\calc@Adimen=\dimen104
\calc@Bdimen=\dimen105
\calc@Askip=\skip43
\calc@Bskip=\skip44
LaTeX Info: Redefining \setlength on input line 59.
LaTeX Info: Redefining \addtolength on input line 60.
\calc@denominator=\count91
)
(/usr/share/texmf-tetex/tex/latex/base/inputenc.sty
Package: inputenc 2004/02/05 v1.0d Input encoding file

(/usr/share/texmf-tetex/tex/latex/base/latin1.def
File: latin1.def 2004/02/05 v1.0d Input encoding file
))
(/usr/share/texmf-tetex/tex/latex/tools/theorem.sty
Package: theorem 1995/11/23 v2.2c Theorem extension package (FMi)
\theorem@style=\toks14
\theorem@bodyfont=\toks15
\theorempreskipamount=\skip45
\theorempostskipamount=\skip46

(/usr/share/texmf-tetex/tex/latex/tools/thp.sty
File: thp.sty 1995/11/23 v2.2c Theorem extension package (FMi)
))
(/usr/share/texmf-tetex/tex/latex/tools/xspace.sty
Package: xspace 1997/10/13 v1.06 Space after command names (DPC)
) (./setspace.sty
Package: setspace 2000/12/01 6.7 Contributed and Supported LaTeX2e package

Package: `setspace' 6.7 <2000/12/01>
)
\c@senumeratecounter=\count92
\c@Axi=\count93
\c@Conj=\count94
\c@Def=\count95
\c@Lem=\count96
\c@Theo=\count97
\c@Prop=\count98
\c@Cor=\count99
) (/home/paul/texmf/tex/master.sty
Package: master 

(/usr/share/texmf-tetex/tex/latex/base/fontenc.sty
Package: fontenc 2004/02/22 v1.99f Standard LaTeX package

(/usr/share/texmf-tetex/tex/latex/base/t1enc.def
File: t1enc.def 2004/02/22 v1.99f Standard LaTeX file
LaTeX Font Info:    Redeclaring font encoding T1 on input line 43.
))
(/usr/share/texmf-tetex/tex/latex/psnfss/times.sty
Package: times 2004/09/15 PSNFSS-v9.2 (SPQR) 
)
(/usr/share/texmf-tetex/tex/latex/graphics/graphicx.sty
Package: graphicx 1999/02/16 v1.0f Enhanced LaTeX Graphics (DPC,SPQR)

(/usr/share/texmf-tetex/tex/latex/graphics/keyval.sty
Package: keyval 1999/03/16 v1.13 key=value parser (DPC)
\KV@toks@=\toks16
)
(/usr/share/texmf-tetex/tex/latex/graphics/graphics.sty
Package: graphics 2001/07/07 v1.0n Standard LaTeX Graphics (DPC,SPQR)

(/usr/share/texmf-tetex/tex/latex/graphics/trig.sty
Package: trig 1999/03/16 v1.09 sin cos tan (DPC)
)
(/usr/share/texmf-tetex/tex/latex/graphics/graphics.cfg
File: graphics.cfg 2005/02/03 v1.3 graphics configuration of teTeX/TeXLive
)
Package graphics Info: Driver file: dvips.def on input line 80.

(/usr/share/texmf-tetex/tex/latex/graphics/dvips.def
File: dvips.def 1999/02/16 v3.0i Driver-dependant file (DPC,SPQR)
))
\Gin@req@height=\dimen106
\Gin@req@width=\dimen107
)
(/usr/share/texmf-tetex/tex/latex/url/url.sty
\Urlmuskip=\muskip10
Package: url 2004/03/15  ver 3.1  Verb mode for urls, etc.
)
(/usr/share/texmf-tetex/tex/latex/graphics/color.sty
Package: color 1999/02/16 v1.0i Standard LaTeX Color (DPC)

(/usr/share/texmf-tetex/tex/latex/graphics/color.cfg
File: color.cfg 2005/02/03 v1.3 color configuration of teTeX/TeXLive
)
Package color Info: Driver file: dvips.def on input line 125.

(/usr/share/texmf-tetex/tex/latex/graphics/dvipsnam.def
File: dvipsnam.def 1999/02/16 v3.0i Driver-dependant file (DPC,SPQR)
))
(/usr/share/texmf-tetex/tex/latex/rotating/rotating.sty
Package: rotating 1997/09/26 v2.13 Rotation package

(/usr/share/texmf-tetex/tex/latex/base/ifthen.sty
Package: ifthen 2001/05/26 v1.1c Standard LaTeX ifthen package (DPC)
)
\c@r@tfl@t=\count100
\rot@float@box=\box26
)
(/usr/share/texmf-tetex/tex/latex/graphics/epsfig.sty
Package: epsfig 1999/02/16 v1.7a (e)psfig emulation (SPQR)
\epsfxsize=\dimen108
\epsfysize=\dimen109
)
(/usr/share/texmf-tetex/tex/latex/caption/caption.sty
Package: caption 2004/07/16 v3.0c Customising captions (AS)
\captionmargin=\dimen110
\captionwidth=\dimen111
\captionindent=\dimen112
\captionparindent=\dimen113
\captionhangindent=\dimen114
Package caption Info: rotating package v2.0 (or newer) detected on input line 6
40.
)
(/usr/share/texmf-tetex/tex/latex/subfig/subfig.sty
Package: subfig 2004/01/28 ver: 1.2 subfig package
\c@KVtest=\count101
\sf@farskip=\skip47
\sf@captopadj=\dimen115
\sf@capskip=\skip48
\sf@nearskip=\skip49
\c@subfigure=\count102
\c@subfigure@save=\count103
\c@lofdepth=\count104
\c@subtable=\count105
\c@subtable@save=\count106
\c@lotdepth=\count107
\sf@top=\skip50
\sf@bottom=\skip51
) (./abntcite.sty
(/usr/share/texmf-tetex/tex/latex/abntex/abntex-abrev.sty
(/usr/share/texmf-tetex/tex/latex/abntex/cvs-id.def)
Package: abntex-abrev 2003/10/13 v1.3 Abreviacoes

(/usr/share/texmf-tetex/tex/latex/abntex/nbr10522-1988.def
(/usr/share/texmf-tetex/tex/latex/abntex/cvs-id.def)
File: nbr10522-1988.def 2003/10/13 v1.2 Abreviacoes bibliograficas (NBR10522:19
88)
)
(/usr/share/texmf-tetex/tex/latex/abntex/abntex-abrev-pt_BR.def
(/usr/share/texmf-tetex/tex/latex/abntex/cvs-id.def)
File: abntex-abrev-pt_BR.def 2003/10/13 v1.2 definicao de abntex-abrev, traduca
o de termos en_US/pt_BR
))
(/usr/share/texmf-tetex/tex/latex/abntex/nbr10520-2002.def
(/usr/share/texmf-tetex/tex/latex/abntex/cvs-id.def)
File: nbr10520-2002.def 2003/10/13 v1.2 Definicoes para abntcite (NBR10520:2002
)
)
\minimumbiblabelwidth=\skip52
\ABCIauxlen=\skip53
\c@ABCIaux=\count108
\c@ABCImax=\count109

(/usr/share/texmf-tetex/tex/latex/relsize/relsize.sty
Package: relsize 2003/07/04 ver 3.1
)
\biblabelsep=\skip54
LaTeX Info: Redefining \newblock on input line 562.
LaTeX Info: Redefining \cite on input line 589.
\ABCItoken=\toks17
)
(/usr/share/texmf-tetex/tex/latex/amsfonts/amssymb.sty
Package: amssymb 2002/01/22 v2.2d

(/usr/share/texmf-tetex/tex/latex/amsfonts/amsfonts.sty
Package: amsfonts 2001/10/25 v2.2f
\@emptytoks=\toks18
\symAMSa=\mathgroup4
\symAMSb=\mathgroup5
LaTeX Font Info:    Overwriting math alphabet `\mathfrak' in version `bold'
(Font)                  U/euf/m/n --> U/euf/b/n on input line 132.
))
(/usr/share/texmf-tetex/tex/latex/tools/bm.sty
Package: bm 2004/02/26 v1.1c Bold Symbol Support (DPC/FMi)
\symboldoperators=\mathgroup6
\symboldletters=\mathgroup7
\symboldsymbols=\mathgroup8
LaTeX Font Info:    Redeclaring math alphabet \mathbf on input line 137.
LaTeX Info: Redefining \bm on input line 203.
)
(/usr/share/texmf-tetex/tex/latex/fancyvrb/fancyvrb.sty
Package: fancyvrb 1998/07/17

Style option: `fancyvrb' v2.6, with DG/SPQR fixes <1998/07/17> (tvz)
\FV@CodeLineNo=\count110
\FV@InFile=\read1
\FV@TabBox=\box27
\c@FancyVerbLine=\count111
\FV@StepNumber=\count112
\FV@OutFile=\write3

No file fancyvrb.cfg.
) (/usr/share/texmf-tetex/tex/latex/tools/multicol.sty
Package: multicol 2004/02/14 v1.6e multicolumn formatting (FMi)
\c@tracingmulticols=\count113
\mult@box=\box28
\multicol@leftmargin=\dimen116
\c@unbalance=\count114
\c@collectmore=\count115
\doublecol@number=\count116
\multicoltolerance=\count117
\multicolpretolerance=\count118
\full@width=\dimen117
\page@free=\dimen118
\premulticols=\dimen119
\postmulticols=\dimen120
\multicolsep=\skip55
\multicolbaselineskip=\skip56
\partial@page=\box29
\last@line=\box30
\mult@rightbox=\box31
\mult@grightbox=\box32
\mult@gfirstbox=\box33
\mult@firstbox=\box34
\@tempa=\box35
\@tempa=\box36
\@tempa=\box37
\@tempa=\box38
\@tempa=\box39
\@tempa=\box40
\@tempa=\box41
\@tempa=\box42
\@tempa=\box43
\@tempa=\box44
\@tempa=\box45
\@tempa=\box46
\@tempa=\box47
\@tempa=\box48
\@tempa=\box49
\@tempa=\box50
\@tempa=\box51
\c@columnbadness=\count119
\c@finalcolumnbadness=\count120
\last@try=\dimen121
\multicolovershoot=\dimen122
\multicolundershoot=\dimen123
\mult@nat@firstbox=\box52
\colbreak@box=\box53
) (./savesym.sty

LaTeX Warning: You have requested package `savesym',
               but the package provides `savesymbol'.

Package: savesymbol 2003/06/01 v1.1 Saves and restores symbols
) (/home/paul/texmf/tex/tlatex.sty
(/usr/share/texmf-tetex/tex/latex/base/latexsym.sty
Package: latexsym 1998/08/17 v2.2e Standard LaTeX package (lasy symbols)
\symlasy=\mathgroup9
LaTeX Font Info:    Overwriting symbol font `lasy' in version `bold'
(Font)                  U/lasy/m/n --> U/lasy/b/n on input line 47.
)
\symlength=\skip57
\equalswidth=\skip58
\charwidth=\skip59
LaTeX Font Info:    Try loading font information for T1+ptm on input line 123.

(/usr/share/texmf-tetex/tex/latex/psnfss/t1ptm.fd
File: t1ptm.fd 2001/06/04 font definitions for T1/ptm.
)
LaTeX Font Info:    Try loading font information for T1+pcr on input line 123.

(/usr/share/texmf-tetex/tex/latex/psnfss/t1pcr.fd
File: t1pcr.fd 2001/06/04 font definitions for T1/pcr.
)
\boxrulewd=\skip60
\boxlineht=\skip61
\boxruleht=\skip62
\boxruledp=\skip63
\templena=\skip64
\templenb=\skip65
\tempboxa=\box54
\vshadelen=\skip66
\boxwidth=\skip67
\multicommentdepth=\skip68
\c@pardepth=\count121
\tempsbox=\box55
\spacewidth=\skip69
\alignboxwidth=\skip70
\alignwidth=\skip71
\alignbox=\box56
\symtlaitalics=\mathgroup10
\c@tlx@ctr=\count122

(/usr/share/texmf-tetex/tex/latex/tools/verbatim.sty
Package: verbatim 2003/08/22 v1.5q LaTeX2e package for verbatim enhancements
\every@verbatim=\toks19
\verbatim@line=\toks20
\verbatim@in@stream=\read2
))
(/usr/share/texmf-tetex/tex/latex/amsmath/amsmath.sty
Package: amsmath 2000/07/18 v2.13 AMS math features
\@mathmargin=\skip72

For additional information on amsmath, use the `?' option.
(/usr/share/texmf-tetex/tex/latex/amsmath/amstext.sty
Package: amstext 2000/06/29 v2.01

(/usr/share/texmf-tetex/tex/latex/amsmath/amsgen.sty
File: amsgen.sty 1999/11/30 v2.0
\@emptytoks=\toks21
\ex@=\dimen124
))
(/usr/share/texmf-tetex/tex/latex/amsmath/amsbsy.sty
Package: amsbsy 1999/11/29 v1.2d
LaTeX Info: Redefining \boldsymbol on input line 54.
\pmbraise@=\dimen125
)
(/usr/share/texmf-tetex/tex/latex/amsmath/amsopn.sty
Package: amsopn 1999/12/14 v2.01 operator names
)
\inf@bad=\count123
LaTeX Info: Redefining \frac on input line 211.
\uproot@=\count124
\leftroot@=\count125
LaTeX Info: Redefining \overline on input line 307.
\classnum@=\count126
\DOTSCASE@=\count127
LaTeX Info: Redefining \ldots on input line 379.
LaTeX Info: Redefining \dots on input line 382.
LaTeX Info: Redefining \cdots on input line 467.
\Mathstrutbox@=\box57
\strutbox@=\box58
\big@size=\dimen126
LaTeX Font Info:    Redeclaring font encoding OML on input line 567.
LaTeX Font Info:    Redeclaring font encoding OMS on input line 568.
\macc@depth=\count128
\c@MaxMatrixCols=\count129
\dotsspace@=\muskip11
\c@parentequation=\count130
\dspbrk@lvl=\count131
\tag@help=\toks22
\row@=\count132
\column@=\count133
\maxfields@=\count134
\andhelp@=\toks23
\eqnshift@=\dimen127
\alignsep@=\dimen128
\tagshift@=\dimen129
\tagwidth@=\dimen130
\totwidth@=\dimen131
\lineht@=\dimen132
\@envbody=\toks24
\multlinegap=\skip73
\multlinetaggap=\skip74
\mathdisplay@stack=\toks25
LaTeX Info: Redefining \[ on input line 2666.
LaTeX Info: Redefining \] on input line 2667.
)) (./main.aux
(./plataforma.aux

LaTeX Warning: Label `fig:xenSem' multiply defined.


LaTeX Warning: Label `sub@fig:xenSem' multiply defined.


LaTeX Warning: Label `fig:xenTot' multiply defined.


LaTeX Warning: Label `sub@fig:xenTot' multiply defined.


LaTeX Warning: Label `fig:xenSem' multiply defined.


LaTeX Warning: Label `sub@fig:xenSem' multiply defined.


LaTeX Warning: Label `fig:xenTot' multiply defined.


LaTeX Warning: Label `sub@fig:xenTot' multiply defined.

)

LaTeX Warning: Label `cap:platOp' multiply defined.

)
\openout1 = `main.aux'.

LaTeX Font Info:    Checking defaults for OML/cmm/m/it on input line 6.
LaTeX Font Info:    ... okay on input line 6.
LaTeX Font Info:    Checking defaults for T1/cmr/m/n on input line 6.
LaTeX Font Info:    ... okay on input line 6.
LaTeX Font Info:    Checking defaults for OT1/cmr/m/n on input line 6.
LaTeX Font Info:    ... okay on input line 6.
LaTeX Font Info:    Checking defaults for OMS/cmsy/m/n on input line 6.
LaTeX Font Info:    ... okay on input line 6.
LaTeX Font Info:    Checking defaults for OMX/cmex/m/n on input line 6.
LaTeX Font Info:    ... okay on input line 6.
LaTeX Font Info:    Checking defaults for U/cmr/m/n on input line 6.
LaTeX Font Info:    ... okay on input line 6.
 (/usr/share/texmf-tetex/tex/latex/ms/ragged2e.sty
Package: ragged2e 2003/03/25 v2.04 ragged2e Package (MS)

(/usr/share/texmf-tetex/tex/latex/ms/everysel.sty
Package: everysel 1999/06/08 v1.03 EverySelectfont Package (MS)
LaTeX Info: Redefining \selectfont on input line 125.
)
\CenteringLeftskip=\skip75
\RaggedLeftLeftskip=\skip76
\RaggedRightLeftskip=\skip77
\CenteringRightskip=\skip78
\RaggedLeftRightskip=\skip79
\RaggedRightRightskip=\skip80
\CenteringParfillskip=\skip81
\RaggedLeftParfillskip=\skip82
\RaggedRightParfillskip=\skip83
\JustifyingParfillskip=\skip84
\CenteringParindent=\skip85
\RaggedLeftParindent=\skip86
\RaggedRightParindent=\skip87
\JustifyingParindent=\skip88
)
\openout2 = `plataforma.aux'.

 (./plataforma.tex
LaTeX Font Info:    Try loading font information for T1+phv on input line 1.

(/usr/share/texmf-tetex/tex/latex/psnfss/t1phv.fd
File: t1phv.fd 2001/06/04 scalable font definitions for T1/phv.
)
LaTeX Font Info:    Font shape `T1/phv/bx/n' in size <17.28> not available
(Font)              Font shape `T1/phv/b/n' tried instead on input line 1.
LaTeX Font Info:    Font shape `T1/phv/bx/n' in size <12> not available
(Font)              Font shape `T1/phv/b/n' tried instead on input line 4.
 [1




]
LaTeX Font Info:    Font shape `T1/ptm/bx/n' in size <12> not available
(Font)              Font shape `T1/ptm/b/n' tried instead on input line 57.


LaTeX Warning: Reference `sec:experimentos' on page 2 undefined on input line 5
7.

[2] [3] [4] [5]
LaTeX Font Info:    Try loading font information for U+msa on input line 216.
 (/usr/share/texmf-tetex/tex/latex/amsfonts/umsa.fd
File: umsa.fd 2002/01/19 v2.2g AMS font definitions
)
LaTeX Font Info:    Try loading font information for U+msb on input line 216.

(/usr/share/texmf-tetex/tex/latex/amsfonts/umsb.fd
File: umsb.fd 2002/01/19 v2.2g AMS font definitions
)
LaTeX Font Info:    Try loading font information for U+lasy on input line 216.

(/usr/share/texmf-tetex/tex/latex/base/ulasy.fd
File: ulasy.fd 1998/08/17 v2.2e LaTeX symbol font definitions
) [6] [7] [8] [9] [10]
(./fig/resolTick.pstex_t
File: fig/resolTick.pstex Graphic file (type eps)
 <fig/resolTick.pstex>)
Underfull \hbox (badness 7273) in paragraph at lines 430--430
 []|\T1/ptm/m/n/12 Figura 1.1: La-tên-cia cau-sa-das pela exis-tên-cia do \T1/p
tm/m/it/12 tick 
 []

[11]
Underfull \hbox (badness 10000) in paragraph at lines 447--454

 []

(./fig/sleep.tex
File: fig/sleep.eps Graphic file (type eps)
 <fig/sleep.eps>)
Underfull \hbox (badness 2012) in paragraph at lines 472--472
 []|\T1/ptm/m/n/12 Figura 1.2: Tempo de dor-mên-cia com cha-ma-das  \T1/pcr/m/n
/12 usleep \T1/ptm/m/n/12 de 6 $\T1/cmr/m/it/12 ms$ 
 []

[12] [13]

LaTeX Warning: Reference `sec:experimentos' on page 14 undefined on input line 
527.

[14]

LaTeX Warning: Reference `sec:experimentos' on page 15 undefined on input line 
564.

[15] [16]
LaTeX Font Info:    Font shape `T1/phv/bx/it' in size <12> not available
(Font)              Font shape `T1/phv/b/it' tried instead on input line 642.
LaTeX Font Info:    Font shape `T1/phv/b/it' in size <12> not available
(Font)              Font shape `T1/phv/b/sl' tried instead on input line 642.
 [17] [18] [19] [20]
LaTeX Font Info:    Try loading font information for OMS+ptm on input line 824.


(/usr/share/texmf-tetex/tex/latex/psnfss/omsptm.fd
File: omsptm.fd 
)
LaTeX Font Info:    Font shape `OMS/ptm/m/n' in size <12> not available
(Font)              Font shape `OMS/cmsy/m/n' tried instead on input line 824.
 [21] [22] [23]
(./fig/config.pstex_t
File: fig/config.pstex Graphic file (type eps)
 <fig/config.pstex>
LaTeX Font Info:    Calculating math sizes for size <14> on input line 14.
)
Underfull \hbox (badness 10000) in paragraph at lines 947--947
 []|\T1/ptm/m/n/12 Figura 1.3: Con-fi-gu-ra-ção do ex-pe-ri-mento. 
 []

[24] (./fig/dispExp.pstex_t
File: fig/dispExp.pstex Graphic file (type eps)
 <fig/dispExp.pstex>) [25] [26] [27] [28]

LaTeX Warning: Reference `sec:xenomai' on page 29 undefined on input line 1128.


[29] (./fig/ker23Sem.tex
File: fig/ker23Sem.eps Graphic file (type eps)
 <fig/ker23Sem.eps>)
LaTeX Font Info:    Font shape `T1/ptm/bx/n' in size <10> not available
(Font)              Font shape `T1/ptm/b/n' tried instead on input line 1185.
 (./fig/ker23Tot.tex
File: fig/ker23Tot.eps Graphic file (type eps)

<fig/ker23Tot.eps>) (./fig/preSem.tex
File: fig/preSem.eps Graphic file (type eps)
 <fig/preSem.eps>) (./fig/preTot.tex
File: fig/preTot.eps Graphic file (type eps)

<fig/preTot.eps>) (./fig/rtaiSem.tex
File: fig/rtaiSem.eps Graphic file (type eps)
 <fig/rtaiSem.eps>) (./fig/rtaiTot.tex
File: fig/rtaiTot.eps Graphic file (type eps)

<fig/rtaiTot.eps>) (./fig/xenSem.tex
File: fig/xenSem.eps Graphic file (type eps)
 <fig/xenSem.eps>) (./fig/xenTot.tex
File: fig/xenTot.eps Graphic file (type eps)

<fig/xenTot.eps>)

LaTeX Warning: Float too large for page by 60.98705pt on input line 1225.

[30] [31] (./fig/ker23SemSched.tex
File: fig/ker23SemSched.eps Graphic file (type eps)
 <fig/ker23SemSched.eps>)
(./fig/ker23TotSched.tex
File: fig/ker23TotSched.eps Graphic file (type eps)
 <fig/ker23TotSched.eps>) (./fig/preSemSched.tex
File: fig/preSemSched.eps Graphic file (type eps)

<fig/preSemSched.eps>) (./fig/preTotSched.tex
File: fig/preTotSched.eps Graphic file (type eps)
 <fig/preTotSched.eps>)
(./fig/rtaiSemSched.tex
File: fig/rtaiSemSched.eps Graphic file (type eps)
 <fig/rtaiSemSched.eps>) (./fig/rtaiTotSched.tex
File: fig/rtaiTotSched.eps Graphic file (type eps)

<fig/rtaiTotSched.eps>) (./fig/xenSemSched.tex
File: fig/xenSemSched.eps Graphic file (type eps)
 <fig/xenSemSched.eps>)
(./fig/xenTotSched.tex
File: fig/xenTotSched.eps Graphic file (type eps)
 <fig/xenTotSched.eps>)

LaTeX Warning: Float too large for page by 60.98705pt on input line 1318.

(./fig/preSemSchedND.tex
File: fig/preSemSchedND.eps Graphic file (type eps)
 <fig/preSemSchedND.eps>) (./fig/preTotSchedND.tex
File: fig/preTotSchedND.eps Graphic file (type eps)

<fig/preTotSchedND.eps>)
Underfull \hbox (badness 2726) in paragraph at lines 1342--1342
 []|\T1/ptm/m/n/12 Figura 1.7: La-tên-cia de ati-va-ção do Linux$[]$ de-sa-bi-l
i-tando o \T1/ptm/m/it/12 th- 
 []


Underfull \hbox (badness 2600) in paragraph at lines 1342--1342
 \T1/ptm/m/it/12 read \T1/ptm/m/n/12 as-so-ci-ado as in-ter-rup-ções da PP (op-
ção  \T1/pcr/m/n/12 IRQF[] NODELAY\T1/ptm/m/n/12 ). 
 []

[32] [33]) [34] (./main.bbl
Underfull \hbox (badness 7362) in paragraph at lines 64--67
[]\T1/ptm/m/n/12 GERUM, P. \T1/ptm/m/it/12 Life with ADEOS\T1/ptm/m/n/12 . 2005
. 
 []

[35



] [36] [37]) [38] (./main.aux (./plataforma.aux))

LaTeX Warning: There were undefined references.


LaTeX Warning: There were multiply-defined labels.

 ) 
Here is how much of TeX's memory you used:
 4957 strings out of 94501
 64974 string characters out of 1175794
 130399 words of memory out of 1000000
 7875 multiletter control sequences out of 10000+50000
 55682 words of font info for 103 fonts, out of 500000 for 2000
 580 hyphenation exceptions out of 8191
 34i,12n,36p,685b,467s stack positions out of 1500i,500n,5000p,200000b,5000s

Output written on main.dvi (38 pages, 136724 bytes).
