This is pdfeTeX, Version 3.141592-1.21a-2.2 (Web2C 7.5.4) (format=pdflatex 2007.6.10)  9 MAR 2008 10:50
entering extended mode
**\pdfoutput=0  \input main.tex
(./main.tex (./mestrado.cls
Document Class: mestrado 
(/opt/local/share/texmf-dist/tex/latex/base/book.cls
Document Class: book 2004/02/16 v1.4f Standard LaTeX document class
(/opt/local/share/texmf-dist/tex/latex/base/bk12.clo
File: bk12.clo 2004/02/16 v1.4f Standard LaTeX file (size option)
)
\c@part=\count79
\c@chapter=\count80
\c@section=\count81
\c@subsection=\count82
\c@subsubsection=\count83
\c@paragraph=\count84
\c@subparagraph=\count85
\c@figure=\count86
\c@table=\count87
\abovecaptionskip=\skip41
\belowcaptionskip=\skip42
\bibindent=\dimen102
)
(/opt/local/share/texmf-dist/tex/generic/babel/babel.sty
Package: babel 2004/11/20 v3.8d The Babel package

(/opt/local/share/texmf-dist/tex/generic/babel/portuges.ldf
Language: portuges 2004/02/19 v1.2p Portuguese support from the babel system

(/opt/local/share/texmf-dist/tex/generic/babel/babel.def
File: babel.def 2004/11/20 v3.8d Babel common definitions
\babel@savecnt=\count88
\U@D=\dimen103
)
\l@brazil = a dialect from \language\l@portuges 
Package babel Info: Making " an active character on input line 145.
))
(/opt/local/share/texmf-dist/tex/latex/tools/calc.sty
Package: calc 1998/07/07 v4.1b Infix arithmetic (KKT,FJ)
\calc@Acount=\count89
\calc@Bcount=\count90
\calc@Adimen=\dimen104
\calc@Bdimen=\dimen105
\calc@Askip=\skip43
\calc@Bskip=\skip44
LaTeX Info: Redefining \setlength on input line 59.
LaTeX Info: Redefining \addtolength on input line 60.
\calc@denominator=\count91
)
(/opt/local/share/texmf-dist/tex/latex/base/inputenc.sty
Package: inputenc 2004/02/05 v1.0d Input encoding file

(/opt/local/share/texmf-dist/tex/latex/base/latin1.def
File: latin1.def 2004/02/05 v1.0d Input encoding file
))
(/opt/local/share/texmf-dist/tex/latex/tools/theorem.sty
Package: theorem 1995/11/23 v2.2c Theorem extension package (FMi)
\theorem@style=\toks14
\theorem@bodyfont=\toks15
\theorempreskipamount=\skip45
\theorempostskipamount=\skip46

(/opt/local/share/texmf-dist/tex/latex/tools/thp.sty
File: thp.sty 1995/11/23 v2.2c Theorem extension package (FMi)
))
(/opt/local/share/texmf-dist/tex/latex/tools/xspace.sty
Package: xspace 1997/10/13 v1.06 Space after command names (DPC)
) (./setspace.sty
Package: setspace 2000/12/01 6.7 Contributed and Supported LaTeX2e package

Package: `setspace' 6.7 <2000/12/01>
)
\c@senumeratecounter=\count92
\c@Axi=\count93
\c@Conj=\count94
\c@Def=\count95
\c@Lem=\count96
\c@Theo=\count97
\c@Prop=\count98
\c@Cor=\count99
) (/Users/paul/texmf/tex/master.sty
Package: master 

(/opt/local/share/texmf-dist/tex/latex/base/fontenc.sty
Package: fontenc 2004/02/22 v1.99f Standard LaTeX package

(/opt/local/share/texmf-dist/tex/latex/base/t1enc.def
File: t1enc.def 2004/02/22 v1.99f Standard LaTeX file
LaTeX Font Info:    Redeclaring font encoding T1 on input line 43.
))
(/opt/local/share/texmf-dist/tex/latex/psnfss/times.sty
Package: times 2004/09/15 PSNFSS-v9.2 (SPQR) 
)
(/opt/local/share/texmf-dist/tex/latex/graphics/graphicx.sty
Package: graphicx 1999/02/16 v1.0f Enhanced LaTeX Graphics (DPC,SPQR)

(/opt/local/share/texmf-dist/tex/latex/graphics/keyval.sty
Package: keyval 1999/03/16 v1.13 key=value parser (DPC)
\KV@toks@=\toks16
)
(/opt/local/share/texmf-dist/tex/latex/graphics/graphics.sty
Package: graphics 2001/07/07 v1.0n Standard LaTeX Graphics (DPC,SPQR)

(/opt/local/share/texmf-dist/tex/latex/graphics/trig.sty
Package: trig 1999/03/16 v1.09 sin cos tan (DPC)
)
(/opt/local/share/texmf-dist/tex/latex/graphics/graphics.cfg
File: graphics.cfg 2005/02/03 v1.3 graphics configuration of teTeX/TeXLive
)
Package graphics Info: Driver file: dvips.def on input line 80.

(/opt/local/share/texmf-dist/tex/latex/graphics/dvips.def
File: dvips.def 1999/02/16 v3.0i Driver-dependant file (DPC,SPQR)
))
\Gin@req@height=\dimen106
\Gin@req@width=\dimen107
)
(/opt/local/share/texmf-dist/tex/latex/url/url.sty
\Urlmuskip=\muskip10
Package: url 2004/03/15  ver 3.1  Verb mode for urls, etc.
)
(/opt/local/share/texmf-dist/tex/latex/graphics/color.sty
Package: color 1999/02/16 v1.0i Standard LaTeX Color (DPC)

(/opt/local/share/texmf-dist/tex/latex/graphics/color.cfg
File: color.cfg 2005/02/03 v1.3 color configuration of teTeX/TeXLive
)
Package color Info: Driver file: dvips.def on input line 125.

(/opt/local/share/texmf-dist/tex/latex/graphics/dvipsnam.def
File: dvipsnam.def 1999/02/16 v3.0i Driver-dependant file (DPC,SPQR)
))
(/opt/local/share/texmf-dist/tex/latex/rotating/rotating.sty
Package: rotating 1997/09/26 v2.13 Rotation package

(/opt/local/share/texmf-dist/tex/latex/base/ifthen.sty
Package: ifthen 2001/05/26 v1.1c Standard LaTeX ifthen package (DPC)
)
\c@r@tfl@t=\count100
\rot@float@box=\box26
)
(/opt/local/share/texmf-dist/tex/latex/graphics/epsfig.sty
Package: epsfig 1999/02/16 v1.7a (e)psfig emulation (SPQR)
\epsfxsize=\dimen108
\epsfysize=\dimen109
)
(/opt/local/share/texmf-dist/tex/latex/caption/caption.sty
Package: caption 2004/07/16 v3.0c Customising captions (AS)
\captionmargin=\dimen110
\captionwidth=\dimen111
\captionindent=\dimen112
\captionparindent=\dimen113
\captionhangindent=\dimen114
Package caption Info: rotating package v2.0 (or newer) detected on input line 6
40.
)
(/opt/local/share/texmf-dist/tex/latex/subfig/subfig.sty
Package: subfig 2004/01/28 ver: 1.2 subfig package
\c@KVtest=\count101
\sf@farskip=\skip47
\sf@captopadj=\dimen115
\sf@capskip=\skip48
\sf@nearskip=\skip49
\c@subfigure=\count102
\c@subfigure@save=\count103
\c@lofdepth=\count104
\c@subtable=\count105
\c@subtable@save=\count106
\c@lotdepth=\count107
\sf@top=\skip50
\sf@bottom=\skip51
) (./abntcite.sty
(/opt/local/share/texmf/tex/latex/abntex/abntex-abrev.sty
(/opt/local/share/texmf/tex/latex/abntex/cvs-id.def)
Package: abntex-abrev 2003/10/13 v1.3 Abreviacoes

(/opt/local/share/texmf/tex/latex/abntex/nbr10522-1988.def
(/opt/local/share/texmf/tex/latex/abntex/cvs-id.def)
File: nbr10522-1988.def 2003/10/13 v1.2 Abreviacoes bibliograficas (NBR10522:19
88)
)
(/opt/local/share/texmf/tex/latex/abntex/abntex-abrev-pt_BR.def
(/opt/local/share/texmf/tex/latex/abntex/cvs-id.def)
File: abntex-abrev-pt_BR.def 2003/10/13 v1.2 definicao de abntex-abrev, traduca
o de termos en_US/pt_BR
))
(/opt/local/share/texmf/tex/latex/abntex/nbr10520-2002.def
(/opt/local/share/texmf/tex/latex/abntex/cvs-id.def)
File: nbr10520-2002.def 2003/10/13 v1.2 Definicoes para abntcite (NBR10520:2002
)
)
\minimumbiblabelwidth=\skip52
\ABCIauxlen=\skip53
\c@ABCIaux=\count108
\c@ABCImax=\count109

(/opt/local/share/texmf-dist/tex/latex/relsize/relsize.sty
Package: relsize 2003/07/04 ver 3.1
)
\biblabelsep=\skip54
LaTeX Info: Redefining \newblock on input line 562.
LaTeX Info: Redefining \cite on input line 589.
\ABCItoken=\toks17
)
(/opt/local/share/texmf-dist/tex/latex/amsfonts/amssymb.sty
Package: amssymb 2002/01/22 v2.2d

(/opt/local/share/texmf-dist/tex/latex/amsfonts/amsfonts.sty
Package: amsfonts 2001/10/25 v2.2f
\@emptytoks=\toks18
\symAMSa=\mathgroup4
\symAMSb=\mathgroup5
LaTeX Font Info:    Overwriting math alphabet `\mathfrak' in version `bold'
(Font)                  U/euf/m/n --> U/euf/b/n on input line 132.
))
(/opt/local/share/texmf-dist/tex/latex/tools/bm.sty
Package: bm 2004/02/26 v1.1c Bold Symbol Support (DPC/FMi)
\symboldoperators=\mathgroup6
\symboldletters=\mathgroup7
\symboldsymbols=\mathgroup8
LaTeX Font Info:    Redeclaring math alphabet \mathbf on input line 137.
LaTeX Info: Redefining \bm on input line 203.
)
(/opt/local/share/texmf-dist/tex/latex/fancyvrb/fancyvrb.sty
Package: fancyvrb 1998/07/17

Style option: `fancyvrb' v2.6, with DG/SPQR fixes <1998/07/17> (tvz)
\FV@CodeLineNo=\count110
\FV@InFile=\read1
\FV@TabBox=\box27
\c@FancyVerbLine=\count111
\FV@StepNumber=\count112
\FV@OutFile=\write3

No file fancyvrb.cfg.
) (/opt/local/share/texmf-dist/tex/latex/tools/multicol.sty
Package: multicol 2004/02/14 v1.6e multicolumn formatting (FMi)
\c@tracingmulticols=\count113
\mult@box=\box28
\multicol@leftmargin=\dimen116
\c@unbalance=\count114
\c@collectmore=\count115
\doublecol@number=\count116
\multicoltolerance=\count117
\multicolpretolerance=\count118
\full@width=\dimen117
\page@free=\dimen118
\premulticols=\dimen119
\postmulticols=\dimen120
\multicolsep=\skip55
\multicolbaselineskip=\skip56
\partial@page=\box29
\last@line=\box30
\mult@rightbox=\box31
\mult@grightbox=\box32
\mult@gfirstbox=\box33
\mult@firstbox=\box34
\@tempa=\box35
\@tempa=\box36
\@tempa=\box37
\@tempa=\box38
\@tempa=\box39
\@tempa=\box40
\@tempa=\box41
\@tempa=\box42
\@tempa=\box43
\@tempa=\box44
\@tempa=\box45
\@tempa=\box46
\@tempa=\box47
\@tempa=\box48
\@tempa=\box49
\@tempa=\box50
\@tempa=\box51
\c@columnbadness=\count119
\c@finalcolumnbadness=\count120
\last@try=\dimen121
\multicolovershoot=\dimen122
\multicolundershoot=\dimen123
\mult@nat@firstbox=\box52
\colbreak@box=\box53
) (./savesym.sty

LaTeX Warning: You have requested package `savesym',
               but the package provides `savesymbol'.

Package: savesymbol 2003/06/01 v1.1 Saves and restores symbols
) (/Users/paul/texmf/tex/tlatex.sty
(/opt/local/share/texmf-dist/tex/latex/base/latexsym.sty
Package: latexsym 1998/08/17 v2.2e Standard LaTeX package (lasy symbols)
\symlasy=\mathgroup9
LaTeX Font Info:    Overwriting symbol font `lasy' in version `bold'
(Font)                  U/lasy/m/n --> U/lasy/b/n on input line 47.
)
\symlength=\skip57
\equalswidth=\skip58
\charwidth=\skip59
LaTeX Font Info:    Try loading font information for T1+ptm on input line 122.

(/opt/local/share/texmf-dist/tex/latex/psnfss/t1ptm.fd
File: t1ptm.fd 2001/06/04 font definitions for T1/ptm.
)
LaTeX Font Info:    Try loading font information for T1+pcr on input line 122.

(/opt/local/share/texmf-dist/tex/latex/psnfss/t1pcr.fd
File: t1pcr.fd 2001/06/04 font definitions for T1/pcr.
)
\boxrulewd=\skip60
\boxlineht=\skip61
\boxruleht=\skip62
\boxruledp=\skip63
\templena=\skip64
\templenb=\skip65
\tempboxa=\box54
\vshadelen=\skip66
\boxwidth=\skip67
\multicommentdepth=\skip68
\c@pardepth=\count121
\tempsbox=\box55
\spacewidth=\skip69
\alignboxwidth=\skip70
\alignwidth=\skip71
\alignbox=\box56
\symtlaitalics=\mathgroup10
\c@tlx@ctr=\count122

(/opt/local/share/texmf-dist/tex/latex/tools/verbatim.sty
Package: verbatim 2003/08/22 v1.5q LaTeX2e package for verbatim enhancements
\every@verbatim=\toks19
\verbatim@line=\toks20
\verbatim@in@stream=\read2
))
(/opt/local/share/texmf-dist/tex/latex/amsmath/amsmath.sty
Package: amsmath 2000/07/18 v2.13 AMS math features
\@mathmargin=\skip72

For additional information on amsmath, use the `?' option.
(/opt/local/share/texmf-dist/tex/latex/amsmath/amstext.sty
Package: amstext 2000/06/29 v2.01

(/opt/local/share/texmf-dist/tex/latex/amsmath/amsgen.sty
File: amsgen.sty 1999/11/30 v2.0
\@emptytoks=\toks21
\ex@=\dimen124
))
(/opt/local/share/texmf-dist/tex/latex/amsmath/amsbsy.sty
Package: amsbsy 1999/11/29 v1.2d
LaTeX Info: Redefining \boldsymbol on input line 54.
\pmbraise@=\dimen125
)
(/opt/local/share/texmf-dist/tex/latex/amsmath/amsopn.sty
Package: amsopn 1999/12/14 v2.01 operator names
)
\inf@bad=\count123
LaTeX Info: Redefining \frac on input line 211.
\uproot@=\count124
\leftroot@=\count125
LaTeX Info: Redefining \overline on input line 307.
\classnum@=\count126
\DOTSCASE@=\count127
LaTeX Info: Redefining \ldots on input line 379.
LaTeX Info: Redefining \dots on input line 382.
LaTeX Info: Redefining \cdots on input line 467.
\Mathstrutbox@=\box57
\strutbox@=\box58
\big@size=\dimen126
LaTeX Font Info:    Redeclaring font encoding OML on input line 567.
LaTeX Font Info:    Redeclaring font encoding OMS on input line 568.
\macc@depth=\count128
\c@MaxMatrixCols=\count129
\dotsspace@=\muskip11
\c@parentequation=\count130
\dspbrk@lvl=\count131
\tag@help=\toks22
\row@=\count132
\column@=\count133
\maxfields@=\count134
\andhelp@=\toks23
\eqnshift@=\dimen127
\alignsep@=\dimen128
\tagshift@=\dimen129
\tagwidth@=\dimen130
\totwidth@=\dimen131
\lineht@=\dimen132
\@envbody=\toks24
\multlinegap=\skip73
\multlinetaggap=\skip74
\mathdisplay@stack=\toks25
LaTeX Info: Redefining \[ on input line 2666.
LaTeX Info: Redefining \] on input line 2667.
)) (./main.aux
(./protocol.aux

LaTeX Warning: Label `sec:dorisModel' multiply defined.

))
\openout1 = `main.aux'.

LaTeX Font Info:    Checking defaults for OML/cmm/m/it on input line 6.
LaTeX Font Info:    ... okay on input line 6.
LaTeX Font Info:    Checking defaults for T1/cmr/m/n on input line 6.
LaTeX Font Info:    ... okay on input line 6.
LaTeX Font Info:    Checking defaults for OT1/cmr/m/n on input line 6.
LaTeX Font Info:    ... okay on input line 6.
LaTeX Font Info:    Checking defaults for OMS/cmsy/m/n on input line 6.
LaTeX Font Info:    ... okay on input line 6.
LaTeX Font Info:    Checking defaults for OMX/cmex/m/n on input line 6.
LaTeX Font Info:    ... okay on input line 6.
LaTeX Font Info:    Checking defaults for U/cmr/m/n on input line 6.
LaTeX Font Info:    ... okay on input line 6.
 (/opt/local/share/texmf-dist/tex/latex/ms/ragged2e.sty
Package: ragged2e 2003/03/25 v2.04 ragged2e Package (MS)

(/opt/local/share/texmf-dist/tex/latex/ms/everysel.sty
Package: everysel 1999/06/08 v1.03 EverySelectfont Package (MS)
LaTeX Info: Redefining \selectfont on input line 125.
)
\CenteringLeftskip=\skip75
\RaggedLeftLeftskip=\skip76
\RaggedRightLeftskip=\skip77
\CenteringRightskip=\skip78
\RaggedLeftRightskip=\skip79
\RaggedRightRightskip=\skip80
\CenteringParfillskip=\skip81
\RaggedLeftParfillskip=\skip82
\RaggedRightParfillskip=\skip83
\JustifyingParfillskip=\skip84
\CenteringParindent=\skip85
\RaggedLeftParindent=\skip86
\RaggedRightParindent=\skip87
\JustifyingParindent=\skip88
)
\openout2 = `protocol.aux'.

 (./protocol.tex
LaTeX Font Info:    Try loading font information for T1+phv on input line 1.

(/opt/local/share/texmf-dist/tex/latex/psnfss/t1phv.fd
File: t1phv.fd 2001/06/04 scalable font definitions for T1/phv.
)
LaTeX Font Info:    Font shape `T1/phv/bx/n' in size <17.28> not available
(Font)              Font shape `T1/phv/b/n' tried instead on input line 1.
LaTeX Font Info:    Font shape `T1/phv/bx/n' in size <12> not available
(Font)              Font shape `T1/phv/b/n' tried instead on input line 4.
LaTeX Font Info:    Try loading font information for U+msa on input line 12.

(/opt/local/share/texmf-dist/tex/latex/amsfonts/umsa.fd
File: umsa.fd 2002/01/19 v2.2g AMS font definitions
)
LaTeX Font Info:    Try loading font information for U+msb on input line 12.

(/opt/local/share/texmf-dist/tex/latex/amsfonts/umsb.fd
File: umsb.fd 2002/01/19 v2.2g AMS font definitions
)
LaTeX Font Info:    Try loading font information for U+lasy on input line 12.

(/opt/local/share/texmf-dist/tex/latex/base/ulasy.fd
File: ulasy.fd 1998/08/17 v2.2e LaTeX symbol font definitions
) [1




] [2] [3] [4] [5]
(./fig/dorisStruct.pstex_t
File: fig/dorisStruct.pstex Graphic file (type eps)
 <fig/dorisStruct.pstex>
LaTeX Font Info:    Calculating math sizes for size <14> on input line 18.
)
Underfull \hbox (badness 6284) in paragraph at lines 192--192
 []|\T1/ptm/m/n/12 Figura 1.1: O es-quema de Di-vi-são Tem-po-ral de \T1/ptm/m/
it/12 Do-RiS 
 []

[6] [7] [8]
LaTeX Font Info:    Font shape `T1/ptm/bx/n' in size <12> not available
(Font)              Font shape `T1/ptm/b/n' tried instead on input line 309.
 [9]
Underfull \hbox (badness 2961) in paragraph at lines 397--397
 []|\T1/ptm/m/n/12 Tabela 1.1: O con-junto \T1/ptm/m/sc/12 cons-tants \T1/ptm/m
/n/12 da es-pe-ci-fi-ca-ção de \T1/ptm/m/it/12 Do-RiS 
 []


Underfull \hbox (badness 10000) in paragraph at lines 417--417
[]$[]\T1/cmr/m/it/12 Shared[]$
 []


Overfull \hbox (1.59084pt too wide) in paragraph at lines 420--421
[][]| 
 []


Overfull \hbox (0.69106pt too wide) in paragraph at lines 425--426
[]$[]\T1/cmr/m/it/12 chipCount[]$| 
 []


Overfull \hbox (1.59084pt too wide) in paragraph at lines 434--435
[][][]| 
 []


Underfull \hbox (badness 10000) in paragraph at lines 441--441
[]$[]\T1/cmr/m/it/12 TaskState[]$
 []


Overfull \hbox (1.59084pt too wide) in paragraph at lines 448--449
[][][]| 
 []


Underfull \hbox (badness 10000) in paragraph at lines 462--462
[]$[]\T1/cmr/m/it/12 ProcState[]$
 []


Underfull \hbox (badness 10000) in paragraph at lines 477--477
[]$[]\T1/cmr/m/it/12 History[]$
 []


Underfull \hbox (badness 10000) in paragraph at lines 477--477
\T1/ptm/m/n/12 (ob-ser-va-dor
 []


Underfull \hbox (badness 3148) in paragraph at lines 490--490
 []|\T1/ptm/m/n/12 Tabela 1.2: O con-junto \T1/ptm/m/sc/12 va-ri-a-bles \T1/ptm
/m/n/12 da es-pe-ci-fi-ca-ção de \T1/ptm/m/it/12 Do-RiS 
 []

[10]
LaTeX Font Info:    Font shape `T1/phv/bx/it' in size <12> not available
(Font)              Font shape `T1/phv/b/it' tried instead on input line 518.
LaTeX Font Info:    Font shape `T1/phv/b/it' in size <12> not available
(Font)              Font shape `T1/phv/b/sl' tried instead on input line 518.
LaTeX Font Info:    Font shape `T1/ptm/bx/it' in size <12> not available
(Font)              Font shape `T1/ptm/b/it' tried instead on input line 521.

\%{452.96788pt}

Underfull \hbox (badness 10000) in paragraph at lines 533--533
 []|\T1/ptm/m/n/12 Figura 1.2: A fór-mula Spec [] 
 []


Overfull \hbox (6.0pt too wide) in paragraph at lines 533--533
[] 
 []

[11]

LaTeX Warning: Text page 12 contains only floats.

[12]
\%{452.96788pt}

Underfull \hbox (badness 10000) in paragraph at lines 580--580
 []|\T1/ptm/m/n/12 Figura 1.3: A fór-mula $\T1/cmr/m/it/12 Init$ [] 
 []


Overfull \hbox (6.0pt too wide) in paragraph at lines 580--580
[] 
 []

[13]
LaTeX Font Info:    Try loading font information for OMS+ptm on input line 604.

 (/opt/local/share/texmf-dist/tex/latex/psnfss/omsptm.fd
File: omsptm.fd 
)
LaTeX Font Info:    Font shape `OMS/ptm/m/n' in size <12> not available
(Font)              Font shape `OMS/cmsy/m/n' tried instead on input line 604.

\%{452.96788pt}

Underfull \hbox (badness 10000) in paragraph at lines 651--651
 []|\T1/ptm/m/n/12 Figura 1.4: A fun-ção $\T1/cmr/m/it/12 list$ [] 
 []


Overfull \hbox (6.0pt too wide) in paragraph at lines 651--651
[] 
 []

[14]
Underfull \hbox (badness 10000) in paragraph at lines 685--685
 []|\T1/ptm/m/n/12 Figura 1.5: A ação $\T1/cmr/m/it/12 Next$ [] 
 []


Overfull \hbox (6.0pt too wide) in paragraph at lines 685--685
[] 
 []

[15] [16] [17]
\%{452.96788pt}

Overfull \hbox (17.62482pt too wide) in paragraph at lines 787--796
[]$[]$ 
 []

\%{452.96788pt}

Overfull \hbox (17.62482pt too wide) in paragraph at lines 801--809
[]$[]$ 
 []

LaTeX Font Info:    Font shape `T1/ptm/bx/sc' in size <12> not available
(Font)              Font shape `T1/ptm/b/sc' tried instead on input line 813.
LaTeX Font Info:    Font shape `T1/ptm/bx/it' in size <8> not available
(Font)              Font shape `T1/ptm/b/it' tried instead on input line 813.
LaTeX Font Info:    Font shape `T1/ptm/bx/it' in size <6> not available
(Font)              Font shape `T1/ptm/b/it' tried instead on input line 813.

Overfull \hbox (17.62482pt too wide) in paragraph at lines 820--829
[]$[]$ 
 []

\%{452.96788pt}
\%{452.96788pt}

Overfull \hbox (17.62482pt too wide) in paragraph at lines 859--866
[]$[]$ 
 []

[18]
\%{452.96788pt}

Overfull \hbox (17.62482pt too wide) in paragraph at lines 878--886
[]$[]$ 
 []

\%{452.96788pt}

Overfull \hbox (17.62482pt too wide) in paragraph at lines 904--913
[]$[]$ 
 []

[19]
\%{452.96788pt}

Underfull \hbox (badness 10000) in paragraph at lines 982--982
 []|\T1/ptm/m/n/12 Figura 1.6: A ação $\T1/cmr/m/it/12 SendElem$ [] 
 []


Overfull \hbox (6.0pt too wide) in paragraph at lines 982--982
[] 
 []

[20]
Underfull \hbox (badness 1960) in paragraph at lines 997--1006
\T1/ptm/m/n/12 que uma ta-refa $\T1/cmr/m/it/12 t$ \T1/ptm/m/n/12 pode en-viar 
uma men-sa-gem ele-men-tar se: (i) o meio está li-vre
 []

[21]
\%{452.96788pt}

Underfull \hbox (badness 10000) in paragraph at lines 1063--1063
 []|\T1/ptm/m/n/12 Figura 1.7: A fun-ção $\T1/cmr/m/it/12 reservation$ [] 
 []


Overfull \hbox (6.0pt too wide) in paragraph at lines 1063--1063
[] 
 []

\%{452.96788pt}

Underfull \hbox (badness 10000) in paragraph at lines 1122--1122
 []|\T1/ptm/m/n/12 Figura 1.8: A ação $\T1/cmr/m/it/12 SendRese$ [] 
 []


Overfull \hbox (6.0pt too wide) in paragraph at lines 1122--1122
[] 
 []

[22]
Underfull \hbox (badness 8094) in paragraph at lines 1146--1149
[]\T1/ptm/m/n/12 A lista de re-ser-vas da ta-refa $\T1/cmr/m/it/12 T\OT1/cmr/m/
n/12 [\T1/cmr/m/it/12 i\OT1/cmr/m/n/12 ]$ \T1/ptm/m/n/12 é atu-a-li-zada, re-de
-fi-nindo o va-lor de
 []

[23]
\%{452.96788pt}

Underfull \hbox (badness 10000) in paragraph at lines 1206--1206
 []|\T1/ptm/m/n/12 Figura 1.9: A ação $\T1/cmr/m/it/12 RecvHard$ [] 
 []


Overfull \hbox (6.0pt too wide) in paragraph at lines 1206--1206
[] 
 []


Overfull \hbox (83.58156pt too wide) in paragraph at lines 1216--1231
[]\T1/ptm/m/n/12 A cons-tru-ção ``\T1/ptm/m/sc/12 except\T1/ptm/m/n/12 '' é uti
-li-zada para atu-a-li-zar o es-tado do meio ($[]\T1/cmr/m/it/12 Shared[][][][]
 \OT1/cmr/m/n/12 = [][\T1/cmr/m/it/12 Shared[]\OT1/cmr/m/n/12 !\OML/cmm/m/it/12
 :\T1/cmr/m/it/12 medium[] \OT1/cmr/m/n/12 =
 []

[24] [25]
\%{452.96788pt}

Underfull \hbox (badness 10000) in paragraph at lines 1311--1311
 []|\T1/ptm/m/n/12 Figura 1.10: A ação $\T1/cmr/m/it/12 SendSoft$ [] 
 []


Overfull \hbox (6.0pt too wide) in paragraph at lines 1311--1311
[] 
 []

[26]
\%{452.96788pt}

Underfull \hbox (badness 6542) in paragraph at lines 1365--1365
 []|\T1/ptm/m/n/12 Figura 1.11: O con-junto $\T1/cmr/m/it/12 Failed$ \T1/ptm/m/
n/12 e a fun-ção $\T1/cmr/m/it/12 lenMsg\OT1/cmr/m/n/12 (\T1/cmr/m/it/12 i\OT1/
cmr/m/n/12 )$ [] 
 []


Overfull \hbox (6.0pt too wide) in paragraph at lines 1365--1365
[] 
 []

[27]
\%{452.96788pt}

Underfull \hbox (badness 10000) in paragraph at lines 1443--1443
 []|\T1/ptm/m/n/12 Figura 1.12: A ação $\T1/cmr/m/it/12 RecvSoft$ [] 
 []


Overfull \hbox (6.0pt too wide) in paragraph at lines 1443--1443
[] 
 []

[28]
\%{452.96788pt}

Overfull \hbox (0.55032pt too wide) in paragraph at lines 1516--1518
[][] 
 []


Underfull \hbox (badness 10000) in paragraph at lines 1523--1523
 []|\T1/ptm/m/n/12 Figura 1.13: A ação $\T1/cmr/m/it/12 NextTick$ [] 
 []


Overfull \hbox (6.0pt too wide) in paragraph at lines 1523--1523
[] 
 []

[29] [30]
Overfull \hbox (13.29224pt too wide) in paragraph at lines 1587--1596
[]\T1/ptm/m/n/12 Dois ca-sos são dis-tin-gui-dos na atu-a-li-za-ção de $\T1/cmr
/m/it/12 macTimer$\T1/ptm/m/n/12 . Se $\T1/cmr/m/it/12 noRese$ \T1/ptm/m/n/12 é
 ver-da-deiro, $\T1/cmr/m/it/12 macTimer$
 []

[31]
\%{452.96788pt}

Overfull \hbox (5.9071pt too wide) in paragraph at lines 1637--1638
[][] 
 []


Underfull \hbox (badness 10000) in paragraph at lines 1648--1648
 []|\T1/ptm/m/n/12 Figura 1.14: A ação $\T1/cmr/m/it/12 NextChip$ [] 
 []


Overfull \hbox (6.0pt too wide) in paragraph at lines 1648--1648
[] 
 []

[32]
Underfull \hbox (badness 7851) in paragraph at lines 1670--1674
[]\T1/ptm/m/n/12 Se ne-nhuma men-sa-gem não-crítica foi re-ce-bida du-rante $\O
MS/cmsy/m/n/12 W[] $ \T1/ptm/m/n/12 deste \T1/ptm/m/it/12 ``chip''
 []


Overfull \hbox (4.53738pt too wide) in paragraph at lines 1699--1713
[]\T1/ptm/m/n/12 Para po-der ve-ri-fi-car al-guns mo-de-los fi-ni-tos do sis-te
ma com o ve-ri-fi-ca-dor de mo-delo TLC (\T1/ptm/m/n/10 YU;
 []

[33]
\%{452.96788pt}

Underfull \hbox (badness 10000) in paragraph at lines 1774--1774
 []|\T1/ptm/m/n/12 Figura 1.15: A pro-pri-e-dade $\T1/cmr/m/it/12 TypeInvariant
$ [] 
 []


Overfull \hbox (6.0pt too wide) in paragraph at lines 1774--1774
[] 
 []


Overfull \hbox (20.71994pt too wide) in paragraph at lines 1785--1792
[]\T1/ptm/m/n/12 Uma vez es-pe-ci-fi-ca-dos os con-jun-tos de va-ri-a-ção para 
cada va-riá-vel, o in-va-ri-ante $\T1/cmr/m/it/12 TypeInvariance$
 []

[34]
\%{452.96788pt}

Underfull \hbox (badness 10000) in paragraph at lines 1821--1821
 []|\T1/ptm/m/n/12 Figura 1.16: A pro-pri-e-dade $\T1/cmr/m/it/12 CollisionAvoi
dance$ [] 
 []


Overfull \hbox (6.0pt too wide) in paragraph at lines 1821--1821
[] 
 []

[35]
\%{452.96788pt}
\%{452.96788pt}

Underfull \hbox (badness 7925) in paragraph at lines 1869--1869
 []|\T1/ptm/m/n/12 Figura 1.17: A pro-pri-e-dade $\T1/cmr/m/it/12 HardRingCorre
ctness$ [] 
 []


Overfull \hbox (6.0pt too wide) in paragraph at lines 1869--1869
[] 
 []

[36]
\%{452.96788pt}

Underfull \hbox (badness 10000) in paragraph at lines 1925--1925
 []|\T1/ptm/m/n/12 Figura 1.18: A pro-pri-e-dade $\T1/cmr/m/it/12 ReservationSa
fety$ [] 
 []


Overfull \hbox (6.0pt too wide) in paragraph at lines 1925--1925
[] 
 []

\%{452.96788pt}

Underfull \hbox (badness 10000) in paragraph at lines 1953--1953
 []|\T1/ptm/m/n/12 Figura 1.19: A pro-pri-e-dade $\T1/cmr/m/it/12 ReservationSa
fety$ [] 
 []


Overfull \hbox (6.0pt too wide) in paragraph at lines 1953--1953
[] 
 []

[37] [38]) [39] (./main.bbl [40



] [41]) [42] (./main.aux (./protocol.aux))

LaTeX Warning: There were multiply-defined labels.

 ) 
Here is how much of TeX's memory you used:
 4779 strings out of 94500
 62963 string characters out of 1174973
 125869 words of memory out of 1000000
 7766 multiletter control sequences out of 10000+50000
 85617 words of font info for 106 fonts, out of 500000 for 2000
 580 hyphenation exceptions out of 1000
 34i,21n,37p,271b,394s stack positions out of 1500i,500n,5000p,200000b,5000s

Output written on main.dvi (42 pages, 140316 bytes).
