This is pdfTeX, Version 3.14159265-2.6-1.40.17 (TeX Live 2016/Debian) (preloaded format=latex 2018.10.2)  7 OCT 2019 09:51
entering extended mode
 restricted \write18 enabled.
 file:line:error style messages enabled.
 %&-line parsing enabled.
**\input wso.tex
(./wso.tex (/usr/share/texlive/texmf-dist/tex/latex/base/article.cls
Document Class: article 2014/09/29 v1.4h Standard LaTeX document class
(/usr/share/texlive/texmf-dist/tex/latex/base/size12.clo
File: size12.clo 2014/09/29 v1.4h Standard LaTeX file (size option)
)
\c@part=\count79
\c@section=\count80
\c@subsection=\count81
\c@subsubsection=\count82
\c@paragraph=\count83
\c@subparagraph=\count84
\c@figure=\count85
\c@table=\count86
\abovecaptionskip=\skip41
\belowcaptionskip=\skip42
\bibindent=\dimen102
) (./sbc-template.sty
Package: sbc-template 2001/06/09

(/usr/share/texlive/texmf-dist/tex/latex/geometry/geometry.sty
Package: geometry 2010/09/12 v5.6 Page Geometry

(/usr/share/texlive/texmf-dist/tex/latex/graphics/keyval.sty
Package: keyval 2014/10/28 v1.15 key=value parser (DPC)
\KV@toks@=\toks14
)
(/usr/share/texlive/texmf-dist/tex/generic/oberdiek/ifpdf.sty
Package: ifpdf 2016/05/14 v3.1 Provides the ifpdf switch
)
(/usr/share/texlive/texmf-dist/tex/generic/oberdiek/ifvtex.sty
Package: ifvtex 2016/05/16 v1.6 Detect VTeX and its facilities (HO)
Package ifvtex Info: VTeX not detected.
)
(/usr/share/texlive/texmf-dist/tex/generic/ifxetex/ifxetex.sty
Package: ifxetex 2010/09/12 v0.6 Provides ifxetex conditional
)
\Gm@cnth=\count87
\Gm@cntv=\count88
\c@Gm@tempcnt=\count89
\Gm@bindingoffset=\dimen103
\Gm@wd@mp=\dimen104
\Gm@odd@mp=\dimen105
\Gm@even@mp=\dimen106
\Gm@layoutwidth=\dimen107
\Gm@layoutheight=\dimen108
\Gm@layouthoffset=\dimen109
\Gm@layoutvoffset=\dimen110
\Gm@dimlist=\toks15
)
(/usr/share/texlive/texmf-dist/tex/latex/psnfss/times.sty
Package: times 2005/04/12 PSNFSS-v9.2a (SPQR) 
)
\c@instn=\count90

(/usr/share/texlive/texmf-dist/tex/latex/titlesec/titlesec.sty
Package: titlesec 2016/03/21 v2.10.2 Sectioning titles
\ttl@box=\box26
\beforetitleunit=\skip43
\aftertitleunit=\skip44
\ttl@plus=\dimen111
\ttl@minus=\dimen112
\ttl@toksa=\toks16
\titlewidth=\dimen113
\titlewidthlast=\dimen114
\titlewidthfirst=\dimen115
)) (./wso.sty
Package: wso 

(/usr/share/texlive/texmf-dist/tex/latex/graphics/graphicx.sty
Package: graphicx 2014/10/28 v1.0g Enhanced LaTeX Graphics (DPC,SPQR)

(/usr/share/texlive/texmf-dist/tex/latex/graphics/graphics.sty
Package: graphics 2016/10/09 v1.0u Standard LaTeX Graphics (DPC,SPQR)

(/usr/share/texlive/texmf-dist/tex/latex/graphics/trig.sty
Package: trig 2016/01/03 v1.10 sin cos tan (DPC)
)
(/usr/share/texlive/texmf-dist/tex/latex/graphics-cfg/graphics.cfg
File: graphics.cfg 2016/06/04 v1.11 sample graphics configuration
)
Package graphics Info: Driver file: dvips.def on input line 99.

(/usr/share/texlive/texmf-dist/tex/latex/graphics-def/dvips.def
File: dvips.def 2016/07/10 v3.1a Driver-dependent file (DPC,SPQR)
))
\Gin@req@height=\dimen116
\Gin@req@width=\dimen117
)
(/usr/share/texlive/texmf-dist/tex/latex/graphics/color.sty
Package: color 2016/07/10 v1.1e Standard LaTeX Color (DPC)

(/usr/share/texlive/texmf-dist/tex/latex/graphics-cfg/color.cfg
File: color.cfg 2016/01/02 v1.6 sample color configuration
)
Package color Info: Driver file: dvips.def on input line 147.

(/usr/share/texlive/texmf-dist/tex/latex/graphics/dvipsnam.def
File: dvipsnam.def 2016/06/17 v3.0m Driver-dependent file (DPC,SPQR)
))
(/usr/share/texlive/texmf-dist/tex/latex/base/fontenc.sty
Package: fontenc 2017/02/22 v2.0g Standard LaTeX package

(/usr/share/texlive/texmf-dist/tex/latex/base/t1enc.def
File: t1enc.def 2017/02/22 v2.0g Standard LaTeX file
LaTeX Font Info:    Redeclaring font encoding T1 on input line 48.
))
(/usr/share/texlive/texmf-dist/tex/generic/babel/babel.sty
Package: babel 2016/04/23 3.9r The Babel package

(/usr/share/texlive/texmf-dist/tex/generic/babel-portuges/portuges.ldf
Language: portuges 2008/03/18 v1.2q Portuguese support from the babel system

(/usr/share/texlive/texmf-dist/tex/generic/babel/babel.def
File: babel.def 2016/04/23 3.9r Babel common definitions
\babel@savecnt=\count91
\U@D=\dimen118
)
\l@brazil = a dialect from \language\l@portuges 
Package babel Info: Making " an active character on input line 145.
))
(/usr/share/texlive/texmf-dist/tex/latex/graphics/rotating.sty
Package: rotating 2016/08/11 v2.16d rotated objects in LaTeX

(/usr/share/texlive/texmf-dist/tex/latex/base/ifthen.sty
Package: ifthen 2014/09/29 v1.1c Standard LaTeX ifthen package (DPC)
)
\c@r@tfl@t=\count92
\rotFPtop=\skip45
\rotFPbot=\skip46
\rot@float@box=\box27
\rot@mess@toks=\toks17
)
(/usr/share/texlive/texmf-dist/tex/latex/graphics/epsfig.sty
Package: epsfig 1999/02/16 v1.7a (e)psfig emulation (SPQR)
\epsfxsize=\dimen119
\epsfysize=\dimen120
)
(/usr/share/texlive/texmf-dist/tex/latex/caption/caption.sty
Package: caption 2016/02/21 v3.3-144 Customizing captions (AR)

(/usr/share/texlive/texmf-dist/tex/latex/caption/caption3.sty
Package: caption3 2016/05/22 v1.7-166 caption3 kernel (AR)
Package caption3 Info: TeX engine: e-TeX on input line 67.
\captionmargin=\dimen121
\captionmargin@=\dimen122
\captionwidth=\dimen123
\caption@tempdima=\dimen124
\caption@indent=\dimen125
\caption@parindent=\dimen126
\caption@hangindent=\dimen127
)
\c@ContinuedFloat=\count93
Package caption Info: rotating package is loaded.
)
(/usr/share/texlive/texmf-dist/tex/latex/subfig/subfig.sty
Package: subfig 2005/06/28 ver: 1.3 subfig package
\c@KVtest=\count94
\sf@farskip=\skip47
\sf@captopadj=\dimen128
\sf@capskip=\skip48
\sf@nearskip=\skip49
\c@subfigure=\count95
\c@subfigure@save=\count96
\c@lofdepth=\count97
\c@subtable=\count98
\c@subtable@save=\count99
\c@lotdepth=\count100
\sf@top=\skip50
\sf@bottom=\skip51
)
(/usr/share/texlive/texmf-dist/tex/latex/tools/verbatim.sty
Package: verbatim 2014/10/28 v1.5q LaTeX2e package for verbatim enhancements
\every@verbatim=\toks18
\verbatim@line=\toks19
\verbatim@in@stream=\read1
))
(/usr/share/texlive/texmf-dist/tex/latex/url/url.sty
\Urlmuskip=\muskip10
Package: url 2013/09/16  ver 3.4  Verb mode for urls, etc.
) (./wso.aux)
\openout1 = `wso.aux'.

LaTeX Font Info:    Checking defaults for OML/cmm/m/it on input line 25.
LaTeX Font Info:    ... okay on input line 25.
LaTeX Font Info:    Checking defaults for T1/cmr/m/n on input line 25.
LaTeX Font Info:    ... okay on input line 25.
LaTeX Font Info:    Checking defaults for OT1/cmr/m/n on input line 25.
LaTeX Font Info:    ... okay on input line 25.
LaTeX Font Info:    Checking defaults for OMS/cmsy/m/n on input line 25.
LaTeX Font Info:    ... okay on input line 25.
LaTeX Font Info:    Checking defaults for OMX/cmex/m/n on input line 25.
LaTeX Font Info:    ... okay on input line 25.
LaTeX Font Info:    Checking defaults for U/cmr/m/n on input line 25.
LaTeX Font Info:    ... okay on input line 25.
LaTeX Font Info:    Try loading font information for T1+ptm on input line 25.

(/usr/share/texlive/texmf-dist/tex/latex/psnfss/t1ptm.fd
File: t1ptm.fd 2001/06/04 font definitions for T1/ptm.
)
*geometry* driver: auto-detecting
*geometry* detected driver: dvips
*geometry* verbose mode - [ preamble ] result:
* driver: dvips
* paper: a4paper
* layout: <same size as paper>
* layoutoffset:(h,v)=(0.0pt,0.0pt)
* modes: 
* h-part:(L,W,R)=(85.35826pt, 426.79135pt, 85.35826pt)
* v-part:(T,H,B)=(99.58464pt, 674.33032pt, 71.13188pt)
* \paperwidth=597.50787pt
* \paperheight=845.04684pt
* \textwidth=426.79135pt
* \textheight=674.33032pt
* \oddsidemargin=13.08827pt
* \evensidemargin=13.08827pt
* \topmargin=-9.68535pt
* \headheight=12.0pt
* \headsep=25.0pt
* \topskip=12.0pt
* \footskip=30.0pt
* \marginparwidth=35.0pt
* \marginparsep=10.0pt
* \columnsep=10.0pt
* \skip\footins=10.8pt plus 4.0pt minus 2.0pt
* \hoffset=0.0pt
* \voffset=0.0pt
* \mag=1000
* \@twocolumnfalse
* \@twosidefalse
* \@mparswitchfalse
* \@reversemarginfalse
* (1in=72.27pt=25.4mm, 1cm=28.453pt)

Package caption Info: Begin \AtBeginDocument code.
Package caption Info: subfig package v1.3 is loaded.
Package caption Info: End \AtBeginDocument code.
Package caption Info: We need package `ragged2e' on input line 25.
(/usr/share/texlive/texmf-dist/tex/latex/ms/ragged2e.sty
Package: ragged2e 2009/05/21 v2.1 ragged2e Package (MS)

(/usr/share/texlive/texmf-dist/tex/latex/ms/everysel.sty
Package: everysel 2011/10/28 v1.2 EverySelectfont Package (MS)

ABD: EverySelectfont initializing macros
LaTeX Info: Redefining \selectfont on input line 126.
)
\CenteringLeftskip=\skip52
\RaggedLeftLeftskip=\skip53
\RaggedRightLeftskip=\skip54
\CenteringRightskip=\skip55
\RaggedLeftRightskip=\skip56
\RaggedRightRightskip=\skip57
\CenteringParfillskip=\skip58
\RaggedLeftParfillskip=\skip59
\RaggedRightParfillskip=\skip60
\JustifyingParfillskip=\skip61
\CenteringParindent=\skip62
\RaggedLeftParindent=\skip63
\RaggedRightParindent=\skip64
\JustifyingParindent=\skip65
)
LaTeX Font Info:    Font shape `T1/ptm/bx/n' in size <16> not available
(Font)              Font shape `T1/ptm/b/n' tried instead on input line 27.
LaTeX Font Info:    Calculating math sizes for size <16> on input line 27.


LaTeX Font Warning: Font shape `OT1/cmr/m/n' in size <16> not available
(Font)              size <17.28> substituted on input line 27.


LaTeX Font Warning: Font shape `OML/cmm/m/it' in size <16> not available
(Font)              size <17.28> substituted on input line 27.


LaTeX Font Warning: Font shape `OMS/cmsy/m/n' in size <16> not available
(Font)              size <17.28> substituted on input line 27.

LaTeX Font Info:    External font `cmex10' loaded for size
(Font)              <16> on input line 27.
LaTeX Font Info:    External font `cmex10' loaded for size
(Font)              <11.19995> on input line 27.
LaTeX Font Info:    External font `cmex10' loaded for size
(Font)              <8> on input line 27.
LaTeX Font Info:    Try loading font information for OMS+ptm on input line 27.
(/usr/share/texlive/texmf-dist/tex/latex/psnfss/omsptm.fd
File: omsptm.fd 
)
LaTeX Font Info:    Font shape `OMS/ptm/m/n' in size <11.19995> not available
(Font)              Font shape `OMS/cmsy/m/n' tried instead on input line 27.
LaTeX Font Info:    Font shape `T1/ptm/bx/n' in size <12> not available
(Font)              Font shape `T1/ptm/b/n' tried instead on input line 27.
LaTeX Font Info:    External font `cmex10' loaded for size
(Font)              <12> on input line 27.
LaTeX Font Info:    External font `cmex10' loaded for size
(Font)              <6> on input line 27.
LaTeX Font Info:    Font shape `T1/ptm/bx/n' in size <10> not available
(Font)              Font shape `T1/ptm/b/n' tried instead on input line 27.
LaTeX Font Info:    Try loading font information for T1+pcr on input line 27.

(/usr/share/texlive/texmf-dist/tex/latex/psnfss/t1pcr.fd
File: t1pcr.fd 2001/06/04 font definitions for T1/pcr.
)
LaTeX Font Info:    Font shape `T1/pcr/bx/n' in size <10> not available
(Font)              Font shape `T1/pcr/b/n' tried instead on input line 27.
LaTeX Font Info:    External font `cmex10' loaded for size
(Font)              <7> on input line 27.
LaTeX Font Info:    External font `cmex10' loaded for size
(Font)              <5> on input line 27.
LaTeX Font Info:    Font shape `OMS/ptm/m/n' in size <7> not available
(Font)              Font shape `OMS/cmsy/m/n' tried instead on input line 27.
LaTeX Font Info:    Font shape `T1/ptm/bx/it' in size <12> not available
(Font)              Font shape `T1/ptm/b/it' tried instead on input line 29.
LaTeX Font Info:    Font shape `T1/ptm/bx/n' in size <13> not available
(Font)              Font shape `T1/ptm/b/n' tried instead on input line 51.


LaTeX Warning: Citation `Liu00' on page 1 undefined on input line 61.


LaTeX Warning: Citation `Pratt04' on page 1 undefined on input line 61.


LaTeX Warning: Citation `Bovet05' on page 1 undefined on input line 65.


LaTeX Warning: Citation `Marchesotti06' on page 1 undefined on input line 67.


LaTeX Warning: Citation `Abeni02' on page 1 undefined on input line 67.


LaTeX Warning: Citation `PreemptRT' on page 1 undefined on input line 69.


LaTeX Warning: Citation `Xenomai' on page 1 undefined on input line 69.


LaTeX Warning: Citation `Dozio03' on page 1 undefined on input line 69.


LaTeX Warning: Citation `rtLinux' on page 1 undefined on input line 69.


LaTeX Warning: Citation `Fry07' on page 1 undefined on input line 69.


LaTeX Warning: Citation `Calandrino06' on page 1 undefined on input line 69.


LaTeX Warning: Citation `PreemptRT' on page 1 undefined on input line 76.


LaTeX Warning: Citation `Xenomai' on page 1 undefined on input line 77.

[1

] [2]
LaTeX Font Info:    Calculating math sizes for size <13> on input line 255.


LaTeX Font Warning: Font shape `OT1/cmr/bx/n' in size <13> not available
(Font)              size <12> substituted on input line 255.


LaTeX Font Warning: Font shape `OT1/cmr/bx/n' in size <6.5> not available
(Font)              size <6> substituted on input line 255.


LaTeX Font Warning: Font shape `OML/cmm/b/it' in size <13> not available
(Font)              size <12> substituted on input line 255.


LaTeX Font Warning: Font shape `OML/cmm/b/it' in size <6.5> not available
(Font)              size <6> substituted on input line 255.


LaTeX Font Warning: Font shape `OMS/cmsy/b/n' in size <13> not available
(Font)              size <12> substituted on input line 255.


LaTeX Font Warning: Font shape `OMS/cmsy/b/n' in size <6.5> not available
(Font)              size <6> substituted on input line 255.

LaTeX Font Info:    External font `cmex10' loaded for size
(Font)              <13> on input line 255.
LaTeX Font Info:    External font `cmex10' loaded for size
(Font)              <9.09996> on input line 255.
LaTeX Font Info:    External font `cmex10' loaded for size
(Font)              <6.5> on input line 255.

LaTeX Warning: Citation `McKenney05' on page 3 undefined on input line 258.


LaTeX Warning: Citation `Rostedt07' on page 3 undefined on input line 258.


LaTeX Warning: Citation `Kernel' on page 3 undefined on input line 260.


LaTeX Warning: Citation `Rostedt07' on page 3 undefined on input line 263.


LaTeX Warning: Citation `Siro07' on page 3 undefined on input line 263.


LaTeX Warning: Citation `Sha90' on page 3 undefined on input line 274.


LaTeX Warning: Citation `Stodolsky93' on page 3 undefined on input line 306.

[3]

LaTeX Warning: Citation `Yaghmour01' on page 4 undefined on input line 328.

(./fig/config.pstex_t
File: fig/config.pstex Graphic file (type eps)
 <fig/config.pstex>
LaTeX Font Info:    Calculating math sizes for size <14> on input line 14.
LaTeX Font Info:    External font `cmex10' loaded for size
(Font)              <14> on input line 14.
LaTeX Font Info:    External font `cmex10' loaded for size
(Font)              <9.79996> on input line 14.
)
LaTeX Font Info:    Try loading font information for T1+phv on input line 395.

(/usr/share/texlive/texmf-dist/tex/latex/psnfss/t1phv.fd
File: t1phv.fd 2001/06/04 scalable font definitions for T1/phv.
)
LaTeX Font Info:    Font shape `T1/phv/bx/n' in size <10> not available
(Font)              Font shape `T1/phv/b/n' tried instead on input line 395.

Underfull \hbox (badness 6316) in paragraph at lines 395--395
 [][]\T1/phv/b/n/10 Figura 1: |Con-fi-gu-ra-ção do ex-pe-ri-mento.| 
 []

[4] (./fig/dispExp.pstex_t
File: fig/dispExp.pstex Graphic file (type eps)
 <fig/dispExp.pstex>)
LaTeX Font Info:    Font shape `OMS/ptm/m/n' in size <12> not available
(Font)              Font shape `OMS/cmsy/m/n' tried instead on input line 419.
 [5] [6] (./fig/ker23Sem.tex
File: fig/ker23Sem.eps Graphic file (type eps)

<fig/ker23Sem.eps>) (./fig/ker23Tot.tex
File: fig/ker23Tot.eps Graphic file (type eps)
 <fig/ker23Tot.eps>) (./fig/preSem.tex
File: fig/preSem.eps Graphic file (type eps)

<fig/preSem.eps>) (./fig/preTot.tex
File: fig/preTot.eps Graphic file (type eps)
 <fig/preTot.eps>) (./fig/xenSem.tex
File: fig/xenSem.eps Graphic file (type eps)

<fig/xenSem.eps>) (./fig/xenTot.tex
File: fig/xenTot.eps Graphic file (type eps)
 <fig/xenTot.eps>) [7] [8]
Underfull \hbox (badness 1062) in paragraph at lines 661--667
\T1/ptm/m/n/12 uti-li-zar a im-ple-men-ta-ção de \T1/ptm/m/it/12 th-re-ads \T1/
ptm/m/n/12 de in-ter-rup-ção. Para tanto, usa-se a op-ção
 []

(./fig/ker23SemSched.tex
File: fig/ker23SemSched.eps Graphic file (type eps)
 <fig/ker23SemSched.eps>) (./fig/ker23TotSched.tex
File: fig/ker23TotSched.eps Graphic file (type eps)

<fig/ker23TotSched.eps>) (./fig/preSemSched.tex
File: fig/preSemSched.eps Graphic file (type eps)
 <fig/preSemSched.eps>)
(./fig/preTotSched.tex
File: fig/preTotSched.eps Graphic file (type eps)
 <fig/preTotSched.eps>) (./fig/xenSemSched.tex
File: fig/xenSemSched.eps Graphic file (type eps)

<fig/xenSemSched.eps>) (./fig/xenTotSched.tex
File: fig/xenTotSched.eps Graphic file (type eps)
 <fig/xenTotSched.eps>)
(./fig/preSemSchedND.tex
File: fig/preSemSchedND.eps Graphic file (type eps)
 <fig/preSemSchedND.eps>) (./fig/preTotSchedND.tex
File: fig/preTotSchedND.eps Graphic file (type eps)

<fig/preTotSchedND.eps>)
LaTeX Font Info:    Font shape `T1/phv/bx/it' in size <10> not available
(Font)              Font shape `T1/phv/b/it' tried instead on input line 739.
LaTeX Font Info:    Font shape `T1/phv/b/it' in size <10> not available
(Font)              Font shape `T1/phv/b/sl' tried instead on input line 739.


LaTeX Warning: Citation `Rostedt07' on page 9 undefined on input line 764.


LaTeX Warning: Citation `Siro07' on page 9 undefined on input line 768.


LaTeX Warning: Citation `rtLinux' on page 9 undefined on input line 769.


LaTeX Warning: Citation `RTAI' on page 9 undefined on input line 769.


LaTeX Warning: Citation `McVoy96' on page 9 undefined on input line 770.


LaTeX Warning: Citation `Benoit05' on page 9 undefined on input line 773.


LaTeX Warning: Citation `McVoy96' on page 9 undefined on input line 776.


LaTeX Warning: Citation `Benoit05' on page 9 undefined on input line 781.


LaTeX Warning: Citation `Benoit05' on page 9 undefined on input line 783.


LaTeX Warning: Citation `Regnier08b' on page 9 undefined on input line 788.

[9] [10]
No file wso.bbl.
[11] (./wso.aux)

LaTeX Font Warning: Size substitutions with differences
(Font)              up to 1.28pt have occurred.


LaTeX Warning: There were undefined references.

 ) 
Here is how much of TeX's memory you used:
 4196 strings out of 494862
 60719 string characters out of 6178214
 135495 words of memory out of 5000000
 7393 multiletter control sequences out of 15000+600000
 43635 words of font info for 67 fonts, out of 8000000 for 9000
 38 hyphenation exceptions out of 8191
 43i,12n,41p,233b,480s stack positions out of 5000i,500n,10000p,200000b,80000s

Output written on wso.dvi (11 pages, 55348 bytes).
