This is pdfTeX, Version 3.14159265-2.6-1.40.17 (TeX Live 2016/Debian) (preloaded format=latex 2018.10.2)  7 OCT 2019 10:01
entering extended mode
 restricted \write18 enabled.
 file:line:error style messages enabled.
 %&-line parsing enabled.
**\input sigops.tex
(./sigops.tex (./acm_proc_article-sp.cls
(/usr/share/texlive/texmf-dist/tex/latex/graphics/epsfig.sty
Package: epsfig 1999/02/16 v1.7a (e)psfig emulation (SPQR)

(/usr/share/texlive/texmf-dist/tex/latex/graphics/graphicx.sty
Package: graphicx 2014/10/28 v1.0g Enhanced LaTeX Graphics (DPC,SPQR)

(/usr/share/texlive/texmf-dist/tex/latex/graphics/keyval.sty
Package: keyval 2014/10/28 v1.15 key=value parser (DPC)
\KV@toks@=\toks14
)
(/usr/share/texlive/texmf-dist/tex/latex/graphics/graphics.sty
Package: graphics 2016/10/09 v1.0u Standard LaTeX Graphics (DPC,SPQR)

(/usr/share/texlive/texmf-dist/tex/latex/graphics/trig.sty
Package: trig 2016/01/03 v1.10 sin cos tan (DPC)
)
(/usr/share/texlive/texmf-dist/tex/latex/graphics-cfg/graphics.cfg
File: graphics.cfg 2016/06/04 v1.11 sample graphics configuration
)
Package graphics Info: Driver file: dvips.def on input line 99.

(/usr/share/texlive/texmf-dist/tex/latex/graphics-def/dvips.def
File: dvips.def 2016/07/10 v3.1a Driver-dependent file (DPC,SPQR)
))
\Gin@req@height=\dimen102
\Gin@req@width=\dimen103
)
\epsfxsize=\dimen104
\epsfysize=\dimen105
)
(/usr/share/texlive/texmf-dist/tex/latex/amsfonts/amssymb.sty
Package: amssymb 2013/01/14 v3.01 AMS font symbols

(/usr/share/texlive/texmf-dist/tex/latex/amsfonts/amsfonts.sty
Package: amsfonts 2013/01/14 v3.01 Basic AMSFonts support
\@emptytoks=\toks15
\symAMSa=\mathgroup4
\symAMSb=\mathgroup5
LaTeX Font Info:    Overwriting math alphabet `\mathfrak' in version `bold'
(Font)                  U/euf/m/n --> U/euf/b/n on input line 106.
))
(/usr/share/texlive/texmf-dist/tex/latex/amsmath/amsmath.sty
Package: amsmath 2016/11/05 v2.16a AMS math features
\@mathmargin=\skip41

For additional information on amsmath, use the `?' option.
(/usr/share/texlive/texmf-dist/tex/latex/amsmath/amstext.sty
Package: amstext 2000/06/29 v2.01 AMS text

(/usr/share/texlive/texmf-dist/tex/latex/amsmath/amsgen.sty
File: amsgen.sty 1999/11/30 v2.0 generic functions
\@emptytoks=\toks16
\ex@=\dimen106
))
(/usr/share/texlive/texmf-dist/tex/latex/amsmath/amsbsy.sty
Package: amsbsy 1999/11/29 v1.2d Bold Symbols
\pmbraise@=\dimen107
)
(/usr/share/texlive/texmf-dist/tex/latex/amsmath/amsopn.sty
Package: amsopn 2016/03/08 v2.02 operator names
)
\inf@bad=\count79
LaTeX Info: Redefining \frac on input line 213.
\uproot@=\count80
\leftroot@=\count81
LaTeX Info: Redefining \overline on input line 375.
\classnum@=\count82
\DOTSCASE@=\count83
LaTeX Info: Redefining \ldots on input line 472.
LaTeX Info: Redefining \dots on input line 475.
LaTeX Info: Redefining \cdots on input line 596.
\Mathstrutbox@=\box26
\strutbox@=\box27
\big@size=\dimen108
LaTeX Font Info:    Redeclaring font encoding OML on input line 712.
LaTeX Font Info:    Redeclaring font encoding OMS on input line 713.
\macc@depth=\count84
\c@MaxMatrixCols=\count85
\dotsspace@=\muskip10
\c@parentequation=\count86
\dspbrk@lvl=\count87
\tag@help=\toks17
\row@=\count88
\column@=\count89
\maxfields@=\count90
\andhelp@=\toks18
\eqnshift@=\dimen109
\alignsep@=\dimen110
\tagshift@=\dimen111
\tagwidth@=\dimen112
\totwidth@=\dimen113
\lineht@=\dimen114
\@envbody=\toks19
\multlinegap=\skip42
\multlinetaggap=\skip43
\mathdisplay@stack=\toks20
LaTeX Info: Redefining \[ on input line 2817.
LaTeX Info: Redefining \] on input line 2818.
)
Document Class 'acm_proc_article-sp' <7th. June '07>. Modified by G.K.M. Tobin
Based in part upon document Style `acmconf' <22 May 89>. Hacked 4/91 by
shivers@cs.cmu.edu, 4/93 by theobald@cs.mcgill.ca
Excerpts were taken from (Journal Style) 'esub2acm.cls'.
****** Bugs/comments/suggestions to Gerry Murray -- murray@hq.acm.org ******
\footheight=\dimen115
\@maxsep=\dimen116
\@dblmaxsep=\dimen117
\aucount=\count91
\originalaucount=\count92
\auwidth=\dimen118
\auskip=\dimen119
\auskipcount=\count93
\auskip=\dimen120
\allauboxes=\dimen121
\addauthors=\toks21
\addauflag=\count94
\subtitletext=\toks22
\savesection=\count95
\sectioncntr=\count96
\c@figure=\count97
\c@table=\count98
\titleboxnotes=\toks23
\titleboxnoteflag=\count99
Document Class: acm_proc_article-sp 2007/06/07 - V3.1SP - based on esub2acm.sty
 <23 April 96>
(/usr/share/texlive/texmf-dist/tex/latex/base/latexsym.sty
Package: latexsym 1998/08/17 v2.2e Standard LaTeX package (lasy symbols)
\symlasy=\mathgroup6
LaTeX Font Info:    Overwriting symbol font `lasy' in version `bold'
(Font)                  U/lasy/m/n --> U/lasy/b/n on input line 52.
)
\@acmtitlebox=\box28
\titlenotecount=\count100
\tntoks=\toks24
\tntokstwo=\toks25
\tntoksthree=\toks26
\tntoksfour=\toks27
\tntoksfive=\toks28
\catcount=\count101
\copyrightnotice=\toks29
\conf=\toks30
\confinfo=\toks31
\c@part=\count102
\c@section=\count103
\c@subsection=\count104
\c@subsubsection=\count105
\c@paragraph=\count106

Using 'Abbrev' bibliography style
\bibindent=\dimen122
\colcntr=\count107
\savebox=\box29
\copyrtyr=\toks32
\acmcopyr=\toks33
\boilerplate=\toks34
\copyrightetc=\toks35
(/usr/share/texlive/texmf-dist/tex/latex/base/fontenc.sty
Package: fontenc 2017/02/22 v2.0g Standard LaTeX package

(/usr/share/texlive/texmf-dist/tex/latex/base/t1enc.def
File: t1enc.def 2017/02/22 v2.0g Standard LaTeX file
LaTeX Font Info:    Redeclaring font encoding T1 on input line 48.
)
LaTeX Font Info:    Try loading font information for T1+aer on input line 105.

(/usr/share/texlive/texmf-dist/tex/latex/ae/t1aer.fd
File: t1aer.fd 1997/11/16 Font definitions for T1/aer.
)))
(/usr/share/texlive/texmf-dist/tex/latex/multirow/multirow.sty
Package: multirow 2016/11/25 v2.2 Span multiple rows of a table
\multirow@colwidth=\skip44
\multirow@cntb=\count108
\multirow@dima=\skip45
\bigstrutjot=\dimen123
)
(/usr/share/texlive/texmf-dist/tex/latex/graphics/rotating.sty
Package: rotating 2016/08/11 v2.16d rotated objects in LaTeX

(/usr/share/texlive/texmf-dist/tex/latex/base/ifthen.sty
Package: ifthen 2014/09/29 v1.1c Standard LaTeX ifthen package (DPC)
)
\c@r@tfl@t=\count109
\rotFPtop=\skip46
\rotFPbot=\skip47
\rot@float@box=\box30
\rot@mess@toks=\toks36
)
(/usr/share/texlive/texmf-dist/tex/latex/graphics/color.sty
Package: color 2016/07/10 v1.1e Standard LaTeX Color (DPC)

(/usr/share/texlive/texmf-dist/tex/latex/graphics-cfg/color.cfg
File: color.cfg 2016/01/02 v1.6 sample color configuration
)
Package color Info: Driver file: dvips.def on input line 147.

(/usr/share/texlive/texmf-dist/tex/latex/graphics/dvipsnam.def
File: dvipsnam.def 2016/06/17 v3.0m Driver-dependent file (DPC,SPQR)
))
(/usr/share/texlive/texmf-dist/tex/latex/oberdiek/pdfcolmk.sty
Package: pdfcolmk 2016/05/16 v1.3 Color support for pdfTeX via marks (HO)


Package pdfcolmk Warning: Nothing to fix, because `pdftex.def' not loaded.

) (./my_caption.sty
Package: my_caption 2004/07/16 v3.0c Customising captions (AS)
\captionmargin=\dimen124
\captionwidth=\dimen125
\captionindent=\dimen126
\captionparindent=\dimen127
\captionhangindent=\dimen128
\abovecaptionskip=\skip48
\belowcaptionskip=\skip49
Package caption Info: rotating package v2.0 (or newer) detected on input line 6
40.
) (./my_subfig.sty
Package: my_subfig 2004/01/28 ver: 1.2 subfig package
\c@KVtest=\count110
\sf@farskip=\skip50
\sf@captopadj=\dimen129
\sf@capskip=\skip51
\sf@nearskip=\skip52
\c@subfigure=\count111
\c@subfigure@save=\count112
\c@lofdepth=\count113
\c@subtable=\count114
\c@subtable@save=\count115
\c@lotdepth=\count116
\sf@top=\skip53
\sf@bottom=\skip54
) (./sigops.aux)
\openout1 = `sigops.aux'.

LaTeX Font Info:    Checking defaults for OML/cmm/m/it on input line 19.
LaTeX Font Info:    ... okay on input line 19.
LaTeX Font Info:    Checking defaults for T1/cmr/m/n on input line 19.
LaTeX Font Info:    ... okay on input line 19.
LaTeX Font Info:    Checking defaults for OT1/cmr/m/n on input line 19.
LaTeX Font Info:    ... okay on input line 19.
LaTeX Font Info:    Checking defaults for OMS/cmsy/m/n on input line 19.
LaTeX Font Info:    ... okay on input line 19.
LaTeX Font Info:    Checking defaults for OMX/cmex/m/n on input line 19.
LaTeX Font Info:    ... okay on input line 19.
LaTeX Font Info:    Checking defaults for U/cmr/m/n on input line 19.
LaTeX Font Info:    ... okay on input line 19.

(/usr/share/texlive/texmf-dist/tex/latex/ms/ragged2e.sty
Package: ragged2e 2009/05/21 v2.1 ragged2e Package (MS)

(/usr/share/texlive/texmf-dist/tex/latex/ms/everysel.sty
Package: everysel 2011/10/28 v1.2 EverySelectfont Package (MS)

ABD: EverySelectfont initializing macros
LaTeX Info: Redefining \selectfont on input line 126.
)
\CenteringLeftskip=\skip55
\RaggedLeftLeftskip=\skip56
\RaggedRightLeftskip=\skip57
\CenteringRightskip=\skip58
\RaggedLeftRightskip=\skip59
\RaggedRightRightskip=\skip60
\CenteringParfillskip=\skip61
\RaggedLeftParfillskip=\skip62
\RaggedRightParfillskip=\skip63
\JustifyingParfillskip=\skip64
\CenteringParindent=\skip65
\RaggedLeftParindent=\skip66
\RaggedRightParindent=\skip67
\JustifyingParindent=\skip68
)
LaTeX Font Info:    Try loading font information for U+msa on input line 60.

(/usr/share/texlive/texmf-dist/tex/latex/amsfonts/umsa.fd
File: umsa.fd 2013/01/14 v3.01 AMS symbols A
)
LaTeX Font Info:    Try loading font information for U+msb on input line 60.

(/usr/share/texlive/texmf-dist/tex/latex/amsfonts/umsb.fd
File: umsb.fd 2013/01/14 v3.01 AMS symbols B
)
LaTeX Font Info:    Try loading font information for U+lasy on input line 60.

(/usr/share/texlive/texmf-dist/tex/latex/base/ulasy.fd
File: ulasy.fd 1998/08/17 v2.2e LaTeX symbol font definitions
)
Overfull \hbox (1.98175pt too wide) in paragraph at lines 82--92
\T1/aer/m/n/9 tions in mul-ti-me-dia, trans-porta-tion, man-u-fac-tur-ing, tele
com-
 []


Underfull \hbox (badness 1400) in paragraph at lines 103--111
\T1/aer/m/n/9 nel patches, Preempt-RT (Linux$[]$) [8] and Xeno-mai
 []


Underfull \vbox (badness 6412) has occurred while \output is active []

 [1


]
Underfull \vbox (badness 1337) has occurred while \output is active []

LaTeX Font Info:    Try loading font information for T1+aett on input line 197.


(/usr/share/texlive/texmf-dist/tex/latex/ae/t1aett.fd
File: t1aett.fd 1997/11/16 Font definitions for T1/aett.
)
Overfull \hbox (1.24896pt too wide) in paragraph at lines 245--249
\T1/aer/m/n/9 This first met-ric is di-rectly in-duced by the in-ter-rup-tion m
ech-
 []

(./fig/dispExp.pstex_t
File: fig/dispExp.pstex Graphic file (type eps)
 <fig/dispExp.pstex>
LaTeX Font Info:    Calculating math sizes for size <11> on input line 24.


LaTeX Font Warning: Font shape `OT1/cmr/m/n' in size <5.5> not available
(Font)              size <5> substituted on input line 24.


LaTeX Font Warning: Font shape `OML/cmm/m/it' in size <5.5> not available
(Font)              size <5> substituted on input line 24.


LaTeX Font Warning: Font shape `OMS/cmsy/m/n' in size <5.5> not available
(Font)              size <5> substituted on input line 24.


LaTeX Font Warning: Font shape `OT1/cmr/bx/n' in size <5.5> not available
(Font)              size <5> substituted on input line 24.


LaTeX Font Warning: Font shape `U/lasy/m/n' in size <5.5> not available
(Font)              size <5> substituted on input line 24.

)
Underfull \hbox (badness 10000) in paragraph at lines 253--253
 []| \T1/aer/m/n/9 1: In-ter-rupt and ac-ti-va-tion la-ten-cies at sta-tion $\O
ML/cmm/m/it/9 E[]$ \T1/aer/m/n/9 for the first ex-per-i-ment 
 []

[2] (./fig/config.pstex_t
File: fig/config.pstex Graphic file (type eps)
 <fig/config.pstex>
LaTeX Font Info:    Calculating math sizes for size <14> on input line 14.
)
Underfull \hbox (badness 4699) in paragraph at lines 302--302
 []| \T1/aer/m/n/9 2: First ex-per-i-ment setup 
 []


LaTeX Warning: `h' float specifier changed to `ht'.


Overfull \hbox (1.46634pt too wide) in paragraph at lines 320--324
\OML/cmm/m/it/9 S[]$\T1/aer/m/n/9 . In turn, the as-so-ci-ated in-ter-rupt han-
dler (ISR$[]$)
 []

[3] (./fig/dispExp2.pstex_t
File: fig/dispExp2.pstex Graphic file (type eps)
 <fig/dispExp2.pstex>)
Underfull \hbox (badness 4454) in paragraph at lines 361--361
 []| \T1/aer/m/n/9 3: In-ter-rupt and ac-ti-va-tion la-ten-cies mea-sure-ment a
t sta-tion $\OML/cmm/m/it/9 S[]$ \T1/aer/m/n/9 for the sec-ond ex-per-i-ment 
 []

(./fig/config2.pstex_t
File: fig/config2.pstex Graphic file (type eps)
 <fig/config2.pstex>)
Underfull \hbox (badness 2961) in paragraph at lines 375--375
 []| \T1/aer/m/n/9 4: Sec-ond ex-per-i-men-tal set-up 
 []

[4]
Overfull \hbox (2.02184pt too wide) in paragraph at lines 507--518
\T1/aer/m/n/9 Linux$[]$ cor-re-sponds to set-ting the op-tion  \T1/aett/m/n/9 I
RQF_NODELAY
 []

[5] (./fig/ker23Sem.tex
File: fig/ker23Sem.eps Graphic file (type eps)
 <fig/ker23Sem.eps>)
Underfull \hbox (badness 2809) in paragraph at lines 561--561
 []\T1/aer/m/n/8 M: 8.9, SD: 0.3, Mn: 8.7, Mx: 18.4 
 []

(./fig/ker23Tot.tex
File: fig/ker23Tot.eps Graphic file (type eps)
 <fig/ker23Tot.eps>)
Underfull \hbox (badness 2503) in paragraph at lines 565--565
 []\T1/aer/m/n/8 M: 10.4, SD: 1.9, Mn: 8.8, Mx: 67.7 
 []

(./fig/ker23SemSched.tex
File: fig/ker23SemSched.eps Graphic file (type eps)
 <fig/ker23SemSched.eps>)
Underfull \hbox (badness 2809) in paragraph at lines 570--570
 []\T1/aer/m/n/8 M: 4.6, SD: 0.4, Mn: 4.4, Mx: 16.2 
 []

(./fig/ker23TotSched.tex
File: fig/ker23TotSched.eps Graphic file (type eps)
 <fig/ker23TotSched.eps>)
Underfull \hbox (badness 1960) in paragraph at lines 574--574
 []\T1/aer/m/n/8 M: 37.3, SD: 48.2, Mn: 4.6, Mx: 617.5 
 []


Underfull \hbox (badness 1163) in paragraph at lines 577--577
 []| \T1/aer/m/n/9 5: Linux$[]$ la-ten-cies. The $\OML/cmm/m/it/9 eth[]$ \T1/ae
r/m/n/9 in-ter-rupt han-dler is trig-gered by pack-ets ar-riv-ing at a $\OT1/cm
r/m/n/9 20\OML/cmm/m/it/9 Hz$ \T1/aer/m/n/9 fre-quency. 
 []

(./fig/preSem.tex
File: fig/preSem.eps Graphic file (type eps)
 <fig/preSem.eps>)
Underfull \hbox (badness 3954) in paragraph at lines 609--609
 []|\T1/aer/m/n/9 (a) \T1/aer/bx/n/8 Linux$[]$ - with-out load 
 []


Underfull \hbox (badness 2221) in paragraph at lines 609--609
 []\T1/aer/m/n/8 M: 21.5, SD: 1.7, Mn: 20.3, Mx: 45.1 
 []

(./fig/preTot.tex
File: fig/preTot.eps Graphic file (type eps)
 <fig/preTot.eps>)
Underfull \hbox (badness 5374) in paragraph at lines 613--613
 []|\T1/aer/m/n/9 (b) \T1/aer/bx/n/8 Linux$[]$ - with load 
 []


Underfull \hbox (badness 1715) in paragraph at lines 613--613
 []\T1/aer/m/n/8 M: 58.5, SD: 26.4, Mn: 17.2, Mx: 245.9 
 []

(./fig/preSemND.tex
File: fig/preSemND.eps Graphic file (type eps)
 <fig/preSemND.eps>)

LaTeX Font Warning: Font shape `T1/aett/bx/n' undefined
(Font)              using `T1/aett/m/n' instead on input line 619.


Underfull \hbox (badness 2809) in paragraph at lines 619--619
 []\T1/aer/m/n/8 M: 8.9, SD: 0.2, Mn: 8.8, Mx: 16.7 
 []

(./fig/preTotND.tex
File: fig/preTotND.eps Graphic file (type eps)
 <fig/preTotND.eps>)
Underfull \hbox (badness 2503) in paragraph at lines 624--624
 []\T1/aer/m/n/8 M: 10.6, SD: 1.6, Mn: 8.9, Mx: 35.8 
 []

(./fig/xenSem.tex
File: fig/xenSem.eps Graphic file (type eps)
 <fig/xenSem.eps>)
Underfull \hbox (badness 3780) in paragraph at lines 629--629
 []|\T1/aer/m/n/9 (e) \T1/aer/bx/n/8 Linux$[]$ - with-out load 
 []


Underfull \hbox (badness 2809) in paragraph at lines 629--629
 []\T1/aer/m/n/8 M: 9.0, SD: 0.1, Mn: 8.8, Mx: 11.1 
 []

(./fig/xenTot.tex
File: fig/xenTot.eps Graphic file (type eps)
 <fig/xenTot.eps>)
Underfull \hbox (badness 5302) in paragraph at lines 633--633
 []|\T1/aer/m/n/9 (f) \T1/aer/bx/n/8 Linux$[]$ - with load 
 []


Underfull \hbox (badness 2503) in paragraph at lines 633--633
 []\T1/aer/m/n/8 M: 10.2, SD: 0.1, Mn: 8.8, Mx: 20.8 
 []


Underfull \hbox (badness 1132) in paragraph at lines 636--636
 []| \T1/aer/m/n/9 6: In-ter-rupt la-ten-cies. The $\OML/cmm/m/it/9 eth[]$ \T1/
aer/m/n/9 in-ter-rupt han-dler is trig-gered by pack-ets ar-riv-ing at a $\OT1/
cmr/m/n/9 20\OML/cmm/m/it/9 Hz$ \T1/aer/m/n/9 fre-quency. 
 []

(./fig/preSemSched.tex
File: fig/preSemSched.eps Graphic file (type eps)
 <fig/preSemSched.eps>)
Underfull \hbox (badness 3954) in paragraph at lines 656--656
 []|\T1/aer/m/n/9 (a) \T1/aer/bx/n/8 Linux$[]$ - with-out load 
 []


Underfull \hbox (badness 3138) in paragraph at lines 656--656
 []\T1/aer/m/n/8 M: 2.1, SD: 0.2, Mn: 1.2, Mx: 9.4 
 []

(./fig/preTotSched.tex
File: fig/preTotSched.eps Graphic file (type eps)
 <fig/preTotSched.eps>)
Underfull \hbox (badness 5374) in paragraph at lines 660--660
 []|\T1/aer/m/n/9 (b) \T1/aer/bx/n/8 Linux$[]$ - with load 
 []


Underfull \hbox (badness 2809) in paragraph at lines 660--660
 []\T1/aer/m/n/8 M: 3.8, SD: 2.8, Mn: 1.1, Mx: 27.4 
 []

(./fig/preSemSchedND.tex
File: fig/preSemSchedND.eps Graphic file (type eps)
 <fig/preSemSchedND.eps>)
Underfull \hbox (badness 2809) in paragraph at lines 666--666
 []\T1/aer/m/n/8 M: 5.3, SD: 0.3, Mn: 5.0, Mx: 13.1 
 []

(./fig/preTotSchedND.tex
File: fig/preTotSchedND.eps Graphic file (type eps)
 <fig/preTotSchedND.eps>)
Underfull \hbox (badness 2809) in paragraph at lines 671--671
 []\T1/aer/m/n/8 M: 8.0, SD: 2.0, Mn: 5.2, Mx: 31.0 
 []

(./fig/xenSemSched.tex
File: fig/xenSemSched.eps Graphic file (type eps)
 <fig/xenSemSched.eps>)
Underfull \hbox (badness 3780) in paragraph at lines 676--676
 []|\T1/aer/m/n/9 (e) \T1/aer/bx/n/8 Linux$[]$ - with-out load 
 []


Underfull \hbox (badness 3138) in paragraph at lines 676--676
 []\T1/aer/m/n/8 M: 2.1, SD: 0.5, Mn: 1.8, Mx: 8.4 
 []

(./fig/xenTotSched.tex
File: fig/xenTotSched.eps Graphic file (type eps)
 <fig/xenTotSched.eps>)
Underfull \hbox (badness 5302) in paragraph at lines 680--680
 []|\T1/aer/m/n/9 (f) \T1/aer/bx/n/8 Linux$[]$ - with load 
 []


Underfull \hbox (badness 2809) in paragraph at lines 680--680
 []\T1/aer/m/n/8 M: 8.7, SD: 0.3, Mn: 1.8, Mx: 18.7 
 []

(./fig2/xenSem.tex
File: fig2/xenSem.eps Graphic file (type eps)
 <fig2/xenSem.eps>)
Underfull \hbox (badness 2809) in paragraph at lines 692--692
 []\T1/aer/m/n/8 M: 9.1, SD: 0.3, Mn: 9.8, Mx: 13.4 
 []

(./fig2/xenTot.tex
File: fig2/xenTot.eps Graphic file (type eps)
 <fig2/xenTot.eps>)
Underfull \hbox (badness 2503) in paragraph at lines 696--696
 []\T1/aer/m/n/8 M: 11.3, SD: 1.2, Mn: 9.0, Mx: 19.7 
 []

(./fig2/xenSemSched.tex
File: fig2/xenSemSched.eps Graphic file (type eps)
 <fig2/xenSemSched.eps>)
Underfull \hbox (badness 3138) in paragraph at lines 701--701
 []\T1/aer/m/n/8 M: 4.0, SD: 0.3, Mn: 0.3, Mx: 9.6 
 []

(./fig2/xenTotSched.tex
File: fig2/xenTotSched.eps Graphic file (type eps)
 <fig2/xenTotSched.eps>)
Underfull \hbox (badness 2809) in paragraph at lines 705--705
 []\T1/aer/m/n/8 M: 9.8, SD: 2.0, Mn: 2.7, Mx: 20.8 
 []


Underfull \hbox (badness 4913) in paragraph at lines 708--708
 []| \T1/aer/m/n/9 8: Linux$[]$ la-ten-cies. In-ter-rupt re-quests at $\OML/cmm
/m/it/9 S[]$ \T1/aer/m/n/9 are trig-gered at a $\OT1/cmr/m/n/9 20\OML/cmm/m/it/
9 Hz$ \T1/aer/m/n/9 fre-quency by $\OML/cmm/m/it/9 S[]$\T1/aer/m/n/9 . 
 []


Overfull \hbox (3.69437pt too wide) in paragraph at lines 713--718
[]\T1/aer/m/n/9 By an-a-lyz-ing the val-ues of ac-ti-va-tion la-ten-cies of Lin
ux$[]$,
 []


Underfull \vbox (badness 2698) has occurred while \output is active []

 [6]
Underfull \vbox (badness 10000) has occurred while \output is active []


Underfull \vbox (badness 10000) has occurred while \output is active []

 [7]

LaTeX Warning: Text page \thepage  contains only floats.


Overfull \vbox (19.91583pt too high) has occurred while \output is active []



LaTeX Warning: Text page \thepage  contains only floats.


Overfull \vbox (19.91583pt too high) has occurred while \output is active []


Overfull \vbox (5.91585pt too high) has occurred while \output is active []


[8]

LaTeX Warning: Text page \thepage  contains only floats.


Overfull \vbox (19.91583pt too high) has occurred while \output is active []



LaTeX Warning: Text page \thepage  contains only floats.


Overfull \vbox (19.91583pt too high) has occurred while \output is active []


Overfull \vbox (5.91585pt too high) has occurred while \output is active []


[9]
Underfull \vbox (badness 10000) has occurred while \output is active []


Overfull \hbox (2.54538pt too wide) in paragraph at lines 939--945
\T1/aer/m/n/9 This char-ac-ter-is-tic is of paramount im-por-tance when it come
s
 []

(./fig/histo.tex
File: fig/histo.eps Graphic file (type eps)
 <fig/histo.eps>)
Underfull \vbox (badness 10000) has occurred while \output is active []

 [10]
Overfull \hbox (1.54027pt too wide) in paragraph at lines 970--982
\T1/aer/m/n/9 Some ex-per-i-men-tal re-sults com-par-ing Linux$[]$ and Linux$[]
$
 []

(./sigops.bbl [11]) [12

] (./sigops.aux)

LaTeX Font Warning: Size substitutions with differences
(Font)              up to 0.5pt have occurred.


LaTeX Font Warning: Some font shapes were not available, defaults substituted.

 ) 
Here is how much of TeX's memory you used:
 3070 strings out of 494862
 40211 string characters out of 6178214
 164846 words of memory out of 5000000
 6239 multiletter control sequences out of 15000+600000
 63732 words of font info for 112 fonts, out of 8000000 for 9000
 38 hyphenation exceptions out of 8191
 39i,14n,32p,712b,460s stack positions out of 5000i,500n,10000p,200000b,80000s

Output written on sigops.dvi (12 pages, 93304 bytes).
